Feb 23 10:52:03 symfony [info] {sfPatternRouting} Match route "homepage" (/) for / with parameters array (  'module' => 'sfJobeetJob',  'action' => 'index',)
Feb 23 10:52:03 symfony [info] {sfFilterChain} Executing filter "sfRenderingFilter"
Feb 23 10:52:03 symfony [info] {sfFilterChain} Executing filter "sfExecutionFilter"
Feb 23 10:52:03 symfony [info] {sfJobeetJobActions} Call "sfJobeetJobActions->executeIndex()"
Feb 23 10:52:03 symfony [info] {Doctrine_Connection_Mysql} exec : SET NAMES 'UTF8' - ()
Feb 23 10:52:03 symfony [info] {Doctrine_Connection_Statement} execute : SELECT j.id AS j__id, j.name AS j__name, j.created_at AS j__created_at, j.updated_at AS j__updated_at, j.slug AS j__slug, j2.id AS j2__id, j2.category_id AS j2__category_id, j2.type AS j2__type, j2.company AS j2__company, j2.logo AS j2__logo, j2.url AS j2__url, j2.position AS j2__position, j2.location AS j2__location, j2.description AS j2__description, j2.how_to_apply AS j2__how_to_apply, j2.token AS j2__token, j2.is_public AS j2__is_public, j2.is_activated AS j2__is_activated, j2.email AS j2__email, j2.expires_at AS j2__expires_at, j2.created_at AS j2__created_at, j2.updated_at AS j2__updated_at FROM jobeet_category j LEFT JOIN jobeet_job j2 ON j.id = j2.category_id WHERE (j2.expires_at > ? AND j2.is_activated = ?) - (2016-02-23 10:52:03, 1)
Feb 23 10:52:03 symfony [info] {sfPHPView} Render "/var/www/html/jobeet/plugins/sfJobeetPlugin/modules/sfJobeetJob/templates/indexSuccess.php"
Feb 23 10:52:03 symfony [info] {Doctrine_Connection_Statement} execute : SELECT j.id AS j__id, j.category_id AS j__category_id, j.type AS j__type, j.company AS j__company, j.logo AS j__logo, j.url AS j__url, j.position AS j__position, j.location AS j__location, j.description AS j__description, j.how_to_apply AS j__how_to_apply, j.token AS j__token, j.is_public AS j__is_public, j.is_activated AS j__is_activated, j.email AS j__email, j.expires_at AS j__expires_at, j.created_at AS j__created_at, j.updated_at AS j__updated_at FROM jobeet_job j WHERE (j.category_id = ? AND j.expires_at > ? AND j.is_activated = ?) ORDER BY j.expires_at DESC LIMIT 10 - (73, 2016-02-23 10:52:03, 1)
Feb 23 10:52:03 symfony [info] {sfPartialView} Render "/var/www/html/jobeet/plugins/sfJobeetPlugin/modules/sfJobeetJob/templates/_list.php"
Feb 23 10:52:04 symfony [info] {Doctrine_Connection_Statement} execute : SELECT COUNT(*) AS num_results FROM jobeet_job j WHERE j.category_id = ? AND j.expires_at > ? AND j.is_activated = ? - (73, 2016-02-23 10:52:04, 1)
Feb 23 10:52:04 symfony [info] {Doctrine_Connection_Statement} execute : SELECT j.id AS j__id, j.category_id AS j__category_id, j.type AS j__type, j.company AS j__company, j.logo AS j__logo, j.url AS j__url, j.position AS j__position, j.location AS j__location, j.description AS j__description, j.how_to_apply AS j__how_to_apply, j.token AS j__token, j.is_public AS j__is_public, j.is_activated AS j__is_activated, j.email AS j__email, j.expires_at AS j__expires_at, j.created_at AS j__created_at, j.updated_at AS j__updated_at FROM jobeet_job j WHERE (j.category_id = ? AND j.expires_at > ? AND j.is_activated = ?) ORDER BY j.expires_at DESC LIMIT 10 - (74, 2016-02-23 10:52:04, 1)
Feb 23 10:52:04 symfony [info] {sfPartialView} Render "/var/www/html/jobeet/plugins/sfJobeetPlugin/modules/sfJobeetJob/templates/_list.php"
Feb 23 10:52:04 symfony [info] {Doctrine_Connection_Statement} execute : SELECT COUNT(*) AS num_results FROM jobeet_job j WHERE j.category_id = ? AND j.expires_at > ? AND j.is_activated = ? - (74, 2016-02-23 10:52:04, 1)
Feb 23 10:52:04 symfony [info] {sfPHPView} Decorate content with "/var/www/html/jobeet/apps/frontend/templates/layout.php"
Feb 23 10:52:04 symfony [info] {sfPHPView} Render "/var/www/html/jobeet/apps/frontend/templates/layout.php"
Feb 23 10:52:04 symfony [info] {main} Get slot "title"
Feb 23 10:52:04 symfony [info] {sfWebResponse} Send status "HTTP/1.1 200 OK"
Feb 23 10:52:04 symfony [info] {sfWebResponse} Send header "Content-Type: text/html; charset=utf-8"
Feb 23 10:52:04 symfony [info] {sfWebResponse} Send content (7003 o)
Feb 23 10:53:41 symfony [info] {sfPatternRouting} Match route "homepage" (/) for / with parameters array (  'module' => 'sfJobeetJob',  'action' => 'index',)
Feb 23 10:53:41 symfony [info] {sfFilterChain} Executing filter "sfRenderingFilter"
Feb 23 10:53:41 symfony [info] {sfFilterChain} Executing filter "sfExecutionFilter"
Feb 23 10:53:41 symfony [info] {sfJobeetJobActions} Call "sfJobeetJobActions->executeIndex()"
Feb 23 10:53:41 symfony [info] {Doctrine_Connection_Mysql} exec : SET NAMES 'UTF8' - ()
Feb 23 10:53:41 symfony [info] {Doctrine_Connection_Statement} execute : SELECT j.id AS j__id, j.name AS j__name, j.created_at AS j__created_at, j.updated_at AS j__updated_at, j.slug AS j__slug, j2.id AS j2__id, j2.category_id AS j2__category_id, j2.type AS j2__type, j2.company AS j2__company, j2.logo AS j2__logo, j2.url AS j2__url, j2.position AS j2__position, j2.location AS j2__location, j2.description AS j2__description, j2.how_to_apply AS j2__how_to_apply, j2.token AS j2__token, j2.is_public AS j2__is_public, j2.is_activated AS j2__is_activated, j2.email AS j2__email, j2.expires_at AS j2__expires_at, j2.created_at AS j2__created_at, j2.updated_at AS j2__updated_at FROM jobeet_category j LEFT JOIN jobeet_job j2 ON j.id = j2.category_id WHERE (j2.expires_at > ? AND j2.is_activated = ?) - (2016-02-23 10:53:41, 1)
Feb 23 10:53:41 symfony [info] {sfPHPView} Render "/var/www/html/jobeet/plugins/sfJobeetPlugin/modules/sfJobeetJob/templates/indexSuccess.php"
Feb 23 10:53:41 symfony [info] {Doctrine_Connection_Statement} execute : SELECT j.id AS j__id, j.category_id AS j__category_id, j.type AS j__type, j.company AS j__company, j.logo AS j__logo, j.url AS j__url, j.position AS j__position, j.location AS j__location, j.description AS j__description, j.how_to_apply AS j__how_to_apply, j.token AS j__token, j.is_public AS j__is_public, j.is_activated AS j__is_activated, j.email AS j__email, j.expires_at AS j__expires_at, j.created_at AS j__created_at, j.updated_at AS j__updated_at FROM jobeet_job j WHERE (j.category_id = ? AND j.expires_at > ? AND j.is_activated = ?) ORDER BY j.expires_at DESC LIMIT 10 - (73, 2016-02-23 10:53:41, 1)
Feb 23 10:53:41 symfony [info] {sfPartialView} Render "/var/www/html/jobeet/plugins/sfJobeetPlugin/modules/sfJobeetJob/templates/_list.php"
Feb 23 10:53:41 symfony [info] {Doctrine_Connection_Statement} execute : SELECT COUNT(*) AS num_results FROM jobeet_job j WHERE j.category_id = ? AND j.expires_at > ? AND j.is_activated = ? - (73, 2016-02-23 10:53:41, 1)
Feb 23 10:53:41 symfony [info] {Doctrine_Connection_Statement} execute : SELECT j.id AS j__id, j.category_id AS j__category_id, j.type AS j__type, j.company AS j__company, j.logo AS j__logo, j.url AS j__url, j.position AS j__position, j.location AS j__location, j.description AS j__description, j.how_to_apply AS j__how_to_apply, j.token AS j__token, j.is_public AS j__is_public, j.is_activated AS j__is_activated, j.email AS j__email, j.expires_at AS j__expires_at, j.created_at AS j__created_at, j.updated_at AS j__updated_at FROM jobeet_job j WHERE (j.category_id = ? AND j.expires_at > ? AND j.is_activated = ?) ORDER BY j.expires_at DESC LIMIT 10 - (74, 2016-02-23 10:53:41, 1)
Feb 23 10:53:41 symfony [info] {sfPartialView} Render "/var/www/html/jobeet/plugins/sfJobeetPlugin/modules/sfJobeetJob/templates/_list.php"
Feb 23 10:53:41 symfony [info] {Doctrine_Connection_Statement} execute : SELECT COUNT(*) AS num_results FROM jobeet_job j WHERE j.category_id = ? AND j.expires_at > ? AND j.is_activated = ? - (74, 2016-02-23 10:53:41, 1)
Feb 23 10:53:41 symfony [info] {sfPHPView} Decorate content with "/var/www/html/jobeet/apps/frontend/templates/layout.php"
Feb 23 10:53:41 symfony [info] {sfPHPView} Render "/var/www/html/jobeet/apps/frontend/templates/layout.php"
Feb 23 10:53:41 symfony [info] {main} Get slot "title"
Feb 23 10:53:41 symfony [info] {sfWebResponse} Send status "HTTP/1.1 200 OK"
Feb 23 10:53:41 symfony [info] {sfWebResponse} Send header "Content-Type: text/html; charset=utf-8"
Feb 23 10:53:41 symfony [info] {sfWebResponse} Send content (12616 o)
Feb 23 10:53:47 symfony [info] {sfPatternRouting} Match route "homepage" (/) for / with parameters array (  'module' => 'sfJobeetJob',  'action' => 'index',)
Feb 23 10:53:47 symfony [info] {sfFilterChain} Executing filter "sfRenderingFilter"
Feb 23 10:53:47 symfony [info] {sfFilterChain} Executing filter "sfExecutionFilter"
Feb 23 10:53:47 symfony [info] {sfJobeetJobActions} Call "sfJobeetJobActions->executeIndex()"
Feb 23 10:53:47 symfony [info] {Doctrine_Connection_Mysql} exec : SET NAMES 'UTF8' - ()
Feb 23 10:53:47 symfony [info] {Doctrine_Connection_Statement} execute : SELECT j.id AS j__id, j.name AS j__name, j.created_at AS j__created_at, j.updated_at AS j__updated_at, j.slug AS j__slug, j2.id AS j2__id, j2.category_id AS j2__category_id, j2.type AS j2__type, j2.company AS j2__company, j2.logo AS j2__logo, j2.url AS j2__url, j2.position AS j2__position, j2.location AS j2__location, j2.description AS j2__description, j2.how_to_apply AS j2__how_to_apply, j2.token AS j2__token, j2.is_public AS j2__is_public, j2.is_activated AS j2__is_activated, j2.email AS j2__email, j2.expires_at AS j2__expires_at, j2.created_at AS j2__created_at, j2.updated_at AS j2__updated_at FROM jobeet_category j LEFT JOIN jobeet_job j2 ON j.id = j2.category_id WHERE (j2.expires_at > ? AND j2.is_activated = ?) - (2016-02-23 10:53:47, 1)
Feb 23 10:53:47 symfony [info] {sfPHPView} Render "/var/www/html/jobeet/plugins/sfJobeetPlugin/modules/sfJobeetJob/templates/indexSuccess.php"
Feb 23 10:53:47 symfony [info] {Doctrine_Connection_Statement} execute : SELECT j.id AS j__id, j.category_id AS j__category_id, j.type AS j__type, j.company AS j__company, j.logo AS j__logo, j.url AS j__url, j.position AS j__position, j.location AS j__location, j.description AS j__description, j.how_to_apply AS j__how_to_apply, j.token AS j__token, j.is_public AS j__is_public, j.is_activated AS j__is_activated, j.email AS j__email, j.expires_at AS j__expires_at, j.created_at AS j__created_at, j.updated_at AS j__updated_at FROM jobeet_job j WHERE (j.category_id = ? AND j.expires_at > ? AND j.is_activated = ?) ORDER BY j.expires_at DESC LIMIT 10 - (73, 2016-02-23 10:53:47, 1)
Feb 23 10:53:47 symfony [info] {sfPartialView} Render "/var/www/html/jobeet/plugins/sfJobeetPlugin/modules/sfJobeetJob/templates/_list.php"
Feb 23 10:53:47 symfony [info] {Doctrine_Connection_Statement} execute : SELECT COUNT(*) AS num_results FROM jobeet_job j WHERE j.category_id = ? AND j.expires_at > ? AND j.is_activated = ? - (73, 2016-02-23 10:53:47, 1)
Feb 23 10:53:47 symfony [info] {Doctrine_Connection_Statement} execute : SELECT j.id AS j__id, j.category_id AS j__category_id, j.type AS j__type, j.company AS j__company, j.logo AS j__logo, j.url AS j__url, j.position AS j__position, j.location AS j__location, j.description AS j__description, j.how_to_apply AS j__how_to_apply, j.token AS j__token, j.is_public AS j__is_public, j.is_activated AS j__is_activated, j.email AS j__email, j.expires_at AS j__expires_at, j.created_at AS j__created_at, j.updated_at AS j__updated_at FROM jobeet_job j WHERE (j.category_id = ? AND j.expires_at > ? AND j.is_activated = ?) ORDER BY j.expires_at DESC LIMIT 10 - (74, 2016-02-23 10:53:47, 1)
Feb 23 10:53:47 symfony [info] {sfPartialView} Render "/var/www/html/jobeet/plugins/sfJobeetPlugin/modules/sfJobeetJob/templates/_list.php"
Feb 23 10:53:47 symfony [info] {Doctrine_Connection_Statement} execute : SELECT COUNT(*) AS num_results FROM jobeet_job j WHERE j.category_id = ? AND j.expires_at > ? AND j.is_activated = ? - (74, 2016-02-23 10:53:47, 1)
Feb 23 10:53:47 symfony [info] {sfPHPView} Decorate content with "/var/www/html/jobeet/apps/frontend/templates/layout.php"
Feb 23 10:53:47 symfony [info] {sfPHPView} Render "/var/www/html/jobeet/apps/frontend/templates/layout.php"
Feb 23 10:53:47 symfony [info] {main} Get slot "title"
Feb 23 10:53:47 symfony [info] {sfWebResponse} Send status "HTTP/1.1 200 OK"
Feb 23 10:53:47 symfony [info] {sfWebResponse} Send header "Content-Type: text/html; charset=utf-8"
Feb 23 10:53:47 symfony [info] {sfWebResponse} Send content (7003 o)
Feb 23 10:54:08 symfony [info] {sfPatternRouting} Match route "homepage" (/) for / with parameters array (  'module' => 'sfJobeetJob',  'action' => 'index',)
Feb 23 10:54:08 symfony [info] {sfFilterChain} Executing filter "sfRenderingFilter"
Feb 23 10:54:08 symfony [info] {sfFilterChain} Executing filter "sfCacheFilter"
Feb 23 10:54:08 symfony [info] {sfFilterChain} Executing filter "sfExecutionFilter"
Feb 23 10:54:08 symfony [info] {sfJobeetJobActions} Call "sfJobeetJobActions->executeIndex()"
Feb 23 10:54:08 symfony [info] {Doctrine_Connection_Mysql} exec : SET NAMES 'UTF8' - ()
Feb 23 10:54:08 symfony [info] {Doctrine_Connection_Statement} execute : SELECT j.id AS j__id, j.name AS j__name, j.created_at AS j__created_at, j.updated_at AS j__updated_at, j.slug AS j__slug, j2.id AS j2__id, j2.category_id AS j2__category_id, j2.type AS j2__type, j2.company AS j2__company, j2.logo AS j2__logo, j2.url AS j2__url, j2.position AS j2__position, j2.location AS j2__location, j2.description AS j2__description, j2.how_to_apply AS j2__how_to_apply, j2.token AS j2__token, j2.is_public AS j2__is_public, j2.is_activated AS j2__is_activated, j2.email AS j2__email, j2.expires_at AS j2__expires_at, j2.created_at AS j2__created_at, j2.updated_at AS j2__updated_at FROM jobeet_category j LEFT JOIN jobeet_job j2 ON j.id = j2.category_id WHERE (j2.expires_at > ? AND j2.is_activated = ?) - (2016-02-23 10:54:08, 1)
Feb 23 10:54:08 symfony [info] {sfPHPView} Render "/var/www/html/jobeet/plugins/sfJobeetPlugin/modules/sfJobeetJob/templates/indexSuccess.php"
Feb 23 10:54:08 symfony [info] {Doctrine_Connection_Statement} execute : SELECT j.id AS j__id, j.category_id AS j__category_id, j.type AS j__type, j.company AS j__company, j.logo AS j__logo, j.url AS j__url, j.position AS j__position, j.location AS j__location, j.description AS j__description, j.how_to_apply AS j__how_to_apply, j.token AS j__token, j.is_public AS j__is_public, j.is_activated AS j__is_activated, j.email AS j__email, j.expires_at AS j__expires_at, j.created_at AS j__created_at, j.updated_at AS j__updated_at FROM jobeet_job j WHERE (j.category_id = ? AND j.expires_at > ? AND j.is_activated = ?) ORDER BY j.expires_at DESC LIMIT 10 - (73, 2016-02-23 10:54:08, 1)
Feb 23 10:54:08 symfony [info] {sfPartialView} Render "/var/www/html/jobeet/plugins/sfJobeetPlugin/modules/sfJobeetJob/templates/_list.php"
Feb 23 10:54:08 symfony [info] {Doctrine_Connection_Statement} execute : SELECT COUNT(*) AS num_results FROM jobeet_job j WHERE j.category_id = ? AND j.expires_at > ? AND j.is_activated = ? - (73, 2016-02-23 10:54:08, 1)
Feb 23 10:54:08 symfony [info] {Doctrine_Connection_Statement} execute : SELECT j.id AS j__id, j.category_id AS j__category_id, j.type AS j__type, j.company AS j__company, j.logo AS j__logo, j.url AS j__url, j.position AS j__position, j.location AS j__location, j.description AS j__description, j.how_to_apply AS j__how_to_apply, j.token AS j__token, j.is_public AS j__is_public, j.is_activated AS j__is_activated, j.email AS j__email, j.expires_at AS j__expires_at, j.created_at AS j__created_at, j.updated_at AS j__updated_at FROM jobeet_job j WHERE (j.category_id = ? AND j.expires_at > ? AND j.is_activated = ?) ORDER BY j.expires_at DESC LIMIT 10 - (74, 2016-02-23 10:54:08, 1)
Feb 23 10:54:08 symfony [info] {sfPartialView} Render "/var/www/html/jobeet/plugins/sfJobeetPlugin/modules/sfJobeetJob/templates/_list.php"
Feb 23 10:54:08 symfony [info] {Doctrine_Connection_Statement} execute : SELECT COUNT(*) AS num_results FROM jobeet_job j WHERE j.category_id = ? AND j.expires_at > ? AND j.is_activated = ? - (74, 2016-02-23 10:54:08, 1)
Feb 23 10:54:08 symfony [info] {sfPHPView} Decorate content with "/var/www/html/jobeet/apps/frontend/templates/layout.php"
Feb 23 10:54:08 symfony [info] {sfPHPView} Render "/var/www/html/jobeet/apps/frontend/templates/layout.php"
Feb 23 10:54:08 symfony [info] {main} Get slot "title"
Feb 23 10:54:08 symfony [info] {sfWebResponse} Send status "HTTP/1.1 200 OK"
Feb 23 10:54:08 symfony [info] {sfWebResponse} Send header "Content-Type: text/html; charset=utf-8"
Feb 23 10:54:08 symfony [info] {sfWebDebugLogger} Configuration 154.56 ms (11)
Feb 23 10:54:08 symfony [info] {sfWebDebugLogger} Factories 71.74 ms (1)
Feb 23 10:54:08 symfony [info] {sfWebDebugLogger} Action "sfJobeetJob/index" 42.29 ms (1)
Feb 23 10:54:08 symfony [info] {sfWebDebugLogger} Database (Doctrine) 0.05 ms (6)
Feb 23 10:54:08 symfony [info] {sfWebDebugLogger} View "Success" for "sfJobeetJob/index" 95.03 ms (1)
Feb 23 10:54:08 symfony [info] {sfWebDebugLogger} Partial "sfJobeetJob/_list" 14.68 ms (2)
Feb 23 10:54:08 symfony [info] {sfWebResponse} Send content (142681 o)
Feb 23 10:56:08 symfony [info] {sfPatternRouting} Match route "homepage" (/) for / with parameters array (  'module' => 'sfJobeetJob',  'action' => 'index',)
Feb 23 10:56:08 symfony [info] {sfFilterChain} Executing filter "sfRenderingFilter"
Feb 23 10:56:08 symfony [info] {sfFilterChain} Executing filter "sfCacheFilter"
Feb 23 10:56:08 symfony [info] {sfViewCacheManager} Cache for "sfJobeetJob/index" does not exist
Feb 23 10:56:08 symfony [info] {sfFilterChain} Executing filter "sfExecutionFilter"
Feb 23 10:56:08 symfony [info] {sfJobeetJobActions} Call "sfJobeetJobActions->executeIndex()"
Feb 23 10:56:08 symfony [info] {Doctrine_Connection_Mysql} exec : SET NAMES 'UTF8' - ()
Feb 23 10:56:08 symfony [info] {Doctrine_Connection_Statement} execute : SELECT j.id AS j__id, j.name AS j__name, j.created_at AS j__created_at, j.updated_at AS j__updated_at, j.slug AS j__slug, j2.id AS j2__id, j2.category_id AS j2__category_id, j2.type AS j2__type, j2.company AS j2__company, j2.logo AS j2__logo, j2.url AS j2__url, j2.position AS j2__position, j2.location AS j2__location, j2.description AS j2__description, j2.how_to_apply AS j2__how_to_apply, j2.token AS j2__token, j2.is_public AS j2__is_public, j2.is_activated AS j2__is_activated, j2.email AS j2__email, j2.expires_at AS j2__expires_at, j2.created_at AS j2__created_at, j2.updated_at AS j2__updated_at FROM jobeet_category j LEFT JOIN jobeet_job j2 ON j.id = j2.category_id WHERE (j2.expires_at > ? AND j2.is_activated = ?) - (2016-02-23 10:56:08, 1)
Feb 23 10:56:08 symfony [info] {sfPHPView} Render "/var/www/html/jobeet/plugins/sfJobeetPlugin/modules/sfJobeetJob/templates/indexSuccess.php"
Feb 23 10:56:08 symfony [info] {Doctrine_Connection_Statement} execute : SELECT j.id AS j__id, j.category_id AS j__category_id, j.type AS j__type, j.company AS j__company, j.logo AS j__logo, j.url AS j__url, j.position AS j__position, j.location AS j__location, j.description AS j__description, j.how_to_apply AS j__how_to_apply, j.token AS j__token, j.is_public AS j__is_public, j.is_activated AS j__is_activated, j.email AS j__email, j.expires_at AS j__expires_at, j.created_at AS j__created_at, j.updated_at AS j__updated_at FROM jobeet_job j WHERE (j.category_id = ? AND j.expires_at > ? AND j.is_activated = ?) ORDER BY j.expires_at DESC LIMIT 10 - (73, 2016-02-23 10:56:08, 1)
Feb 23 10:56:08 symfony [info] {sfPartialView} Render "/var/www/html/jobeet/plugins/sfJobeetPlugin/modules/sfJobeetJob/templates/_list.php"
Feb 23 10:56:08 symfony [info] {Doctrine_Connection_Statement} execute : SELECT COUNT(*) AS num_results FROM jobeet_job j WHERE j.category_id = ? AND j.expires_at > ? AND j.is_activated = ? - (73, 2016-02-23 10:56:08, 1)
Feb 23 10:56:08 symfony [info] {Doctrine_Connection_Statement} execute : SELECT j.id AS j__id, j.category_id AS j__category_id, j.type AS j__type, j.company AS j__company, j.logo AS j__logo, j.url AS j__url, j.position AS j__position, j.location AS j__location, j.description AS j__description, j.how_to_apply AS j__how_to_apply, j.token AS j__token, j.is_public AS j__is_public, j.is_activated AS j__is_activated, j.email AS j__email, j.expires_at AS j__expires_at, j.created_at AS j__created_at, j.updated_at AS j__updated_at FROM jobeet_job j WHERE (j.category_id = ? AND j.expires_at > ? AND j.is_activated = ?) ORDER BY j.expires_at DESC LIMIT 10 - (74, 2016-02-23 10:56:08, 1)
Feb 23 10:56:08 symfony [info] {sfPartialView} Render "/var/www/html/jobeet/plugins/sfJobeetPlugin/modules/sfJobeetJob/templates/_list.php"
Feb 23 10:56:08 symfony [info] {Doctrine_Connection_Statement} execute : SELECT COUNT(*) AS num_results FROM jobeet_job j WHERE j.category_id = ? AND j.expires_at > ? AND j.is_activated = ? - (74, 2016-02-23 10:56:08, 1)
Feb 23 10:56:08 symfony [info] {sfPHPView} Decorate content with "/var/www/html/jobeet/apps/frontend/templates/layout.php"
Feb 23 10:56:08 symfony [info] {sfPHPView} Render "/var/www/html/jobeet/apps/frontend/templates/layout.php"
Feb 23 10:56:08 symfony [info] {main} Get slot "title"
Feb 23 10:56:08 symfony [info] {sfViewCacheManager} Save cache for "sfJobeetJob/index"
Feb 23 10:56:08 symfony [info] {sfWebResponse} Send status "HTTP/1.1 200 OK"
Feb 23 10:56:08 symfony [info] {sfWebResponse} Send header "Content-Type: text/html; charset=utf-8"
Feb 23 10:56:08 symfony [info] {sfWebResponse} Send header "Expires: Wed, 24 Feb 2016 08:56:08 GMT"
Feb 23 10:56:08 symfony [info] {sfWebResponse} Send header "Cache-Control: max-age=86400"
Feb 23 10:56:08 symfony [info] {sfWebDebugLogger} Configuration 38.01 ms (12)
Feb 23 10:56:08 symfony [info] {sfWebDebugLogger} Factories 6.37 ms (1)
Feb 23 10:56:08 symfony [info] {sfWebDebugLogger} Action "sfJobeetJob/index" 42.19 ms (1)
Feb 23 10:56:08 symfony [info] {sfWebDebugLogger} Database (Doctrine) 0.04 ms (6)
Feb 23 10:56:08 symfony [info] {sfWebDebugLogger} View "Success" for "sfJobeetJob/index" 94.18 ms (1)
Feb 23 10:56:08 symfony [info] {sfWebDebugLogger} Partial "sfJobeetJob/_list" 13.56 ms (2)
Feb 23 10:56:08 symfony [info] {sfWebResponse} Send content (153081 o)
Feb 23 10:56:32 symfony [info] {sfPatternRouting} Match route "homepage" (/) for / with parameters array (  'module' => 'sfJobeetJob',  'action' => 'index',)
Feb 23 10:56:32 symfony [info] {sfFilterChain} Executing filter "sfRenderingFilter"
Feb 23 10:56:32 symfony [info] {sfFilterChain} Executing filter "sfCacheFilter"
Feb 23 10:56:32 symfony [info] {sfViewCacheManager} Cache for "sfJobeetJob/index" exists
Feb 23 10:56:32 symfony [info] {sfWebResponse} Send status "HTTP/1.1 200 OK"
Feb 23 10:56:32 symfony [info] {sfWebResponse} Send header "Content-Type: text/html; charset=utf-8"
Feb 23 10:56:32 symfony [info] {sfWebResponse} Send header "Expires: Wed, 24 Feb 2016 08:56:08 GMT"
Feb 23 10:56:32 symfony [info] {sfWebResponse} Send header "Cache-Control: max-age=86400"
Feb 23 10:56:32 symfony [info] {sfWebDebugLogger} Configuration 1.71 ms (9)
Feb 23 10:56:32 symfony [info] {sfWebDebugLogger} Factories 5.57 ms (1)
Feb 23 10:56:32 symfony [info] {sfWebResponse} Send content (45707 o)
Feb 23 10:56:38 symfony [info] {sfPatternRouting} Match route "homepage" (/) for / with parameters array (  'module' => 'sfJobeetJob',  'action' => 'index',)
Feb 23 10:56:38 symfony [info] {sfFilterChain} Executing filter "sfRenderingFilter"
Feb 23 10:56:38 symfony [info] {sfFilterChain} Executing filter "sfCacheFilter"
Feb 23 10:56:38 symfony [info] {sfViewCacheManager} Cache for "sfJobeetJob/index" does not exist
Feb 23 10:56:38 symfony [info] {sfFilterChain} Executing filter "sfExecutionFilter"
Feb 23 10:56:38 symfony [info] {sfJobeetJobActions} Call "sfJobeetJobActions->executeIndex()"
Feb 23 10:56:38 symfony [info] {Doctrine_Connection_Mysql} exec : SET NAMES 'UTF8' - ()
Feb 23 10:56:38 symfony [info] {Doctrine_Connection_Statement} execute : SELECT j.id AS j__id, j.name AS j__name, j.created_at AS j__created_at, j.updated_at AS j__updated_at, j.slug AS j__slug, j2.id AS j2__id, j2.category_id AS j2__category_id, j2.type AS j2__type, j2.company AS j2__company, j2.logo AS j2__logo, j2.url AS j2__url, j2.position AS j2__position, j2.location AS j2__location, j2.description AS j2__description, j2.how_to_apply AS j2__how_to_apply, j2.token AS j2__token, j2.is_public AS j2__is_public, j2.is_activated AS j2__is_activated, j2.email AS j2__email, j2.expires_at AS j2__expires_at, j2.created_at AS j2__created_at, j2.updated_at AS j2__updated_at FROM jobeet_category j LEFT JOIN jobeet_job j2 ON j.id = j2.category_id WHERE (j2.expires_at > ? AND j2.is_activated = ?) - (2016-02-23 10:56:38, 1)
Feb 23 10:56:38 symfony [info] {sfPHPView} Render "/var/www/html/jobeet/plugins/sfJobeetPlugin/modules/sfJobeetJob/templates/indexSuccess.php"
Feb 23 10:56:38 symfony [info] {Doctrine_Connection_Statement} execute : SELECT j.id AS j__id, j.category_id AS j__category_id, j.type AS j__type, j.company AS j__company, j.logo AS j__logo, j.url AS j__url, j.position AS j__position, j.location AS j__location, j.description AS j__description, j.how_to_apply AS j__how_to_apply, j.token AS j__token, j.is_public AS j__is_public, j.is_activated AS j__is_activated, j.email AS j__email, j.expires_at AS j__expires_at, j.created_at AS j__created_at, j.updated_at AS j__updated_at FROM jobeet_job j WHERE (j.category_id = ? AND j.expires_at > ? AND j.is_activated = ?) ORDER BY j.expires_at DESC LIMIT 10 - (73, 2016-02-23 10:56:38, 1)
Feb 23 10:56:38 symfony [info] {sfPartialView} Render "/var/www/html/jobeet/plugins/sfJobeetPlugin/modules/sfJobeetJob/templates/_list.php"
Feb 23 10:56:38 symfony [info] {Doctrine_Connection_Statement} execute : SELECT COUNT(*) AS num_results FROM jobeet_job j WHERE j.category_id = ? AND j.expires_at > ? AND j.is_activated = ? - (73, 2016-02-23 10:56:38, 1)
Feb 23 10:56:38 symfony [info] {Doctrine_Connection_Statement} execute : SELECT j.id AS j__id, j.category_id AS j__category_id, j.type AS j__type, j.company AS j__company, j.logo AS j__logo, j.url AS j__url, j.position AS j__position, j.location AS j__location, j.description AS j__description, j.how_to_apply AS j__how_to_apply, j.token AS j__token, j.is_public AS j__is_public, j.is_activated AS j__is_activated, j.email AS j__email, j.expires_at AS j__expires_at, j.created_at AS j__created_at, j.updated_at AS j__updated_at FROM jobeet_job j WHERE (j.category_id = ? AND j.expires_at > ? AND j.is_activated = ?) ORDER BY j.expires_at DESC LIMIT 10 - (74, 2016-02-23 10:56:38, 1)
Feb 23 10:56:38 symfony [info] {sfPartialView} Render "/var/www/html/jobeet/plugins/sfJobeetPlugin/modules/sfJobeetJob/templates/_list.php"
Feb 23 10:56:38 symfony [info] {Doctrine_Connection_Statement} execute : SELECT COUNT(*) AS num_results FROM jobeet_job j WHERE j.category_id = ? AND j.expires_at > ? AND j.is_activated = ? - (74, 2016-02-23 10:56:38, 1)
Feb 23 10:56:38 symfony [info] {sfPHPView} Decorate content with "/var/www/html/jobeet/apps/frontend/templates/layout.php"
Feb 23 10:56:38 symfony [info] {sfPHPView} Render "/var/www/html/jobeet/apps/frontend/templates/layout.php"
Feb 23 10:56:38 symfony [info] {main} Get slot "title"
Feb 23 10:56:38 symfony [info] {sfViewCacheManager} Save cache for "sfJobeetJob/index"
Feb 23 10:56:38 symfony [info] {sfWebResponse} Send status "HTTP/1.1 200 OK"
Feb 23 10:56:38 symfony [info] {sfWebResponse} Send header "Content-Type: text/html; charset=utf-8"
Feb 23 10:56:38 symfony [info] {sfWebResponse} Send header "Expires: Wed, 24 Feb 2016 08:56:38 GMT"
Feb 23 10:56:38 symfony [info] {sfWebResponse} Send header "Cache-Control: max-age=86400"
Feb 23 10:56:38 symfony [info] {sfWebDebugLogger} Configuration 148.90 ms (11)
Feb 23 10:56:38 symfony [info] {sfWebDebugLogger} Factories 68.34 ms (1)
Feb 23 10:56:38 symfony [info] {sfWebDebugLogger} Action "sfJobeetJob/index" 52.60 ms (1)
Feb 23 10:56:38 symfony [info] {sfWebDebugLogger} Database (Doctrine) 0.04 ms (6)
Feb 23 10:56:38 symfony [info] {sfWebDebugLogger} View "Success" for "sfJobeetJob/index" 105.39 ms (1)
Feb 23 10:56:38 symfony [info] {sfWebDebugLogger} Partial "sfJobeetJob/_list" 14.27 ms (2)
Feb 23 10:56:38 symfony [info] {sfWebResponse} Send content (153087 o)
Feb 23 10:56:44 symfony [info] {sfPatternRouting} Match route "homepage" (/) for / with parameters array (  'module' => 'sfJobeetJob',  'action' => 'index',)
Feb 23 10:56:44 symfony [info] {sfFilterChain} Executing filter "sfRenderingFilter"
Feb 23 10:56:44 symfony [info] {sfFilterChain} Executing filter "sfCacheFilter"
Feb 23 10:56:44 symfony [info] {sfViewCacheManager} Cache for "sfJobeetJob/index" exists
Feb 23 10:56:44 symfony [info] {sfWebResponse} Send status "HTTP/1.1 200 OK"
Feb 23 10:56:44 symfony [info] {sfWebResponse} Send header "Content-Type: text/html; charset=utf-8"
Feb 23 10:56:44 symfony [info] {sfWebResponse} Send header "Expires: Wed, 24 Feb 2016 08:56:38 GMT"
Feb 23 10:56:44 symfony [info] {sfWebResponse} Send header "Cache-Control: max-age=86400"
Feb 23 10:56:44 symfony [info] {sfWebDebugLogger} Configuration 1.30 ms (9)
Feb 23 10:56:44 symfony [info] {sfWebDebugLogger} Factories 7.86 ms (1)
Feb 23 10:56:44 symfony [info] {sfWebResponse} Send content (45706 o)
Feb 23 10:58:49 symfony [info] {sfPatternRouting} Match route "homepage" (/) for / with parameters array (  'module' => 'sfJobeetJob',  'action' => 'index',)
Feb 23 10:58:50 symfony [info] {sfFilterChain} Executing filter "sfRenderingFilter"
Feb 23 10:58:50 symfony [info] {sfFilterChain} Executing filter "sfCacheFilter"
Feb 23 10:58:50 symfony [info] {sfViewCacheManager} Discard cache
Feb 23 10:58:50 symfony [info] {sfFilterChain} Executing filter "sfExecutionFilter"
Feb 23 10:58:50 symfony [info] {sfViewCacheManager} Discard cache
Feb 23 10:58:50 symfony [info] {sfJobeetJobActions} Call "sfJobeetJobActions->executeIndex()"
Feb 23 10:58:50 symfony [info] {Doctrine_Connection_Mysql} exec : SET NAMES 'UTF8' - ()
Feb 23 10:58:50 symfony [info] {Doctrine_Connection_Statement} execute : SELECT j.id AS j__id, j.name AS j__name, j.created_at AS j__created_at, j.updated_at AS j__updated_at, j.slug AS j__slug, j2.id AS j2__id, j2.category_id AS j2__category_id, j2.type AS j2__type, j2.company AS j2__company, j2.logo AS j2__logo, j2.url AS j2__url, j2.position AS j2__position, j2.location AS j2__location, j2.description AS j2__description, j2.how_to_apply AS j2__how_to_apply, j2.token AS j2__token, j2.is_public AS j2__is_public, j2.is_activated AS j2__is_activated, j2.email AS j2__email, j2.expires_at AS j2__expires_at, j2.created_at AS j2__created_at, j2.updated_at AS j2__updated_at FROM jobeet_category j LEFT JOIN jobeet_job j2 ON j.id = j2.category_id WHERE (j2.expires_at > ? AND j2.is_activated = ?) - (2016-02-23 10:58:50, 1)
Feb 23 10:58:50 symfony [info] {sfPHPView} Render "/var/www/html/jobeet/plugins/sfJobeetPlugin/modules/sfJobeetJob/templates/indexSuccess.php"
Feb 23 10:58:50 symfony [info] {Doctrine_Connection_Statement} execute : SELECT j.id AS j__id, j.category_id AS j__category_id, j.type AS j__type, j.company AS j__company, j.logo AS j__logo, j.url AS j__url, j.position AS j__position, j.location AS j__location, j.description AS j__description, j.how_to_apply AS j__how_to_apply, j.token AS j__token, j.is_public AS j__is_public, j.is_activated AS j__is_activated, j.email AS j__email, j.expires_at AS j__expires_at, j.created_at AS j__created_at, j.updated_at AS j__updated_at FROM jobeet_job j WHERE (j.category_id = ? AND j.expires_at > ? AND j.is_activated = ?) ORDER BY j.expires_at DESC LIMIT 10 - (73, 2016-02-23 10:58:50, 1)
Feb 23 10:58:50 symfony [info] {sfPartialView} Render "/var/www/html/jobeet/plugins/sfJobeetPlugin/modules/sfJobeetJob/templates/_list.php"
Feb 23 10:58:50 symfony [info] {Doctrine_Connection_Statement} execute : SELECT COUNT(*) AS num_results FROM jobeet_job j WHERE j.category_id = ? AND j.expires_at > ? AND j.is_activated = ? - (73, 2016-02-23 10:58:50, 1)
Feb 23 10:58:50 symfony [info] {Doctrine_Connection_Statement} execute : SELECT j.id AS j__id, j.category_id AS j__category_id, j.type AS j__type, j.company AS j__company, j.logo AS j__logo, j.url AS j__url, j.position AS j__position, j.location AS j__location, j.description AS j__description, j.how_to_apply AS j__how_to_apply, j.token AS j__token, j.is_public AS j__is_public, j.is_activated AS j__is_activated, j.email AS j__email, j.expires_at AS j__expires_at, j.created_at AS j__created_at, j.updated_at AS j__updated_at FROM jobeet_job j WHERE (j.category_id = ? AND j.expires_at > ? AND j.is_activated = ?) ORDER BY j.expires_at DESC LIMIT 10 - (74, 2016-02-23 10:58:50, 1)
Feb 23 10:58:50 symfony [info] {sfPartialView} Render "/var/www/html/jobeet/plugins/sfJobeetPlugin/modules/sfJobeetJob/templates/_list.php"
Feb 23 10:58:50 symfony [info] {Doctrine_Connection_Statement} execute : SELECT COUNT(*) AS num_results FROM jobeet_job j WHERE j.category_id = ? AND j.expires_at > ? AND j.is_activated = ? - (74, 2016-02-23 10:58:50, 1)
Feb 23 10:58:50 symfony [info] {sfPHPView} Decorate content with "/var/www/html/jobeet/apps/frontend/templates/layout.php"
Feb 23 10:58:50 symfony [info] {sfPHPView} Render "/var/www/html/jobeet/apps/frontend/templates/layout.php"
Feb 23 10:58:50 symfony [info] {main} Get slot "title"
Feb 23 10:58:50 symfony [info] {sfViewCacheManager} Save cache for "sfJobeetJob/index?_sf_ignore_cache=1"
Feb 23 10:58:50 symfony [info] {sfWebResponse} Send status "HTTP/1.1 200 OK"
Feb 23 10:58:50 symfony [info] {sfWebResponse} Send header "Content-Type: text/html; charset=utf-8"
Feb 23 10:58:50 symfony [info] {sfWebResponse} Send header "Expires: Wed, 24 Feb 2016 08:58:50 GMT"
Feb 23 10:58:50 symfony [info] {sfWebResponse} Send header "Cache-Control: max-age=86400"
Feb 23 10:58:50 symfony [info] {sfWebDebugLogger} Configuration 39.13 ms (12)
Feb 23 10:58:50 symfony [info] {sfWebDebugLogger} Factories 5.32 ms (1)
Feb 23 10:58:50 symfony [info] {sfWebDebugLogger} Action "sfJobeetJob/index" 40.15 ms (1)
Feb 23 10:58:50 symfony [info] {sfWebDebugLogger} Database (Doctrine) 0.05 ms (6)
Feb 23 10:58:50 symfony [info] {sfWebDebugLogger} View "Success" for "sfJobeetJob/index" 89.76 ms (1)
Feb 23 10:58:50 symfony [info] {sfWebDebugLogger} Partial "sfJobeetJob/_list" 15.14 ms (2)
Feb 23 10:58:50 symfony [info] {sfWebResponse} Send content (156420 o)
Feb 23 10:58:57 symfony [info] {sfPatternRouting} Match route "homepage" (/) for / with parameters array (  'module' => 'sfJobeetJob',  'action' => 'index',)
Feb 23 10:58:57 symfony [info] {sfFilterChain} Executing filter "sfRenderingFilter"
Feb 23 10:58:57 symfony [info] {sfFilterChain} Executing filter "sfCacheFilter"
Feb 23 10:58:57 symfony [info] {sfViewCacheManager} Discard cache
Feb 23 10:58:57 symfony [info] {sfFilterChain} Executing filter "sfExecutionFilter"
Feb 23 10:58:57 symfony [info] {sfViewCacheManager} Discard cache
Feb 23 10:58:57 symfony [info] {sfJobeetJobActions} Call "sfJobeetJobActions->executeIndex()"
Feb 23 10:58:57 symfony [info] {Doctrine_Connection_Mysql} exec : SET NAMES 'UTF8' - ()
Feb 23 10:58:57 symfony [info] {Doctrine_Connection_Statement} execute : SELECT j.id AS j__id, j.name AS j__name, j.created_at AS j__created_at, j.updated_at AS j__updated_at, j.slug AS j__slug, j2.id AS j2__id, j2.category_id AS j2__category_id, j2.type AS j2__type, j2.company AS j2__company, j2.logo AS j2__logo, j2.url AS j2__url, j2.position AS j2__position, j2.location AS j2__location, j2.description AS j2__description, j2.how_to_apply AS j2__how_to_apply, j2.token AS j2__token, j2.is_public AS j2__is_public, j2.is_activated AS j2__is_activated, j2.email AS j2__email, j2.expires_at AS j2__expires_at, j2.created_at AS j2__created_at, j2.updated_at AS j2__updated_at FROM jobeet_category j LEFT JOIN jobeet_job j2 ON j.id = j2.category_id WHERE (j2.expires_at > ? AND j2.is_activated = ?) - (2016-02-23 10:58:57, 1)
Feb 23 10:58:57 symfony [info] {sfPHPView} Render "/var/www/html/jobeet/plugins/sfJobeetPlugin/modules/sfJobeetJob/templates/indexSuccess.php"
Feb 23 10:58:57 symfony [info] {Doctrine_Connection_Statement} execute : SELECT j.id AS j__id, j.category_id AS j__category_id, j.type AS j__type, j.company AS j__company, j.logo AS j__logo, j.url AS j__url, j.position AS j__position, j.location AS j__location, j.description AS j__description, j.how_to_apply AS j__how_to_apply, j.token AS j__token, j.is_public AS j__is_public, j.is_activated AS j__is_activated, j.email AS j__email, j.expires_at AS j__expires_at, j.created_at AS j__created_at, j.updated_at AS j__updated_at FROM jobeet_job j WHERE (j.category_id = ? AND j.expires_at > ? AND j.is_activated = ?) ORDER BY j.expires_at DESC LIMIT 10 - (73, 2016-02-23 10:58:57, 1)
Feb 23 10:58:57 symfony [info] {sfPartialView} Render "/var/www/html/jobeet/plugins/sfJobeetPlugin/modules/sfJobeetJob/templates/_list.php"
Feb 23 10:58:57 symfony [info] {Doctrine_Connection_Statement} execute : SELECT COUNT(*) AS num_results FROM jobeet_job j WHERE j.category_id = ? AND j.expires_at > ? AND j.is_activated = ? - (73, 2016-02-23 10:58:57, 1)
Feb 23 10:58:57 symfony [info] {Doctrine_Connection_Statement} execute : SELECT j.id AS j__id, j.category_id AS j__category_id, j.type AS j__type, j.company AS j__company, j.logo AS j__logo, j.url AS j__url, j.position AS j__position, j.location AS j__location, j.description AS j__description, j.how_to_apply AS j__how_to_apply, j.token AS j__token, j.is_public AS j__is_public, j.is_activated AS j__is_activated, j.email AS j__email, j.expires_at AS j__expires_at, j.created_at AS j__created_at, j.updated_at AS j__updated_at FROM jobeet_job j WHERE (j.category_id = ? AND j.expires_at > ? AND j.is_activated = ?) ORDER BY j.expires_at DESC LIMIT 10 - (74, 2016-02-23 10:58:57, 1)
Feb 23 10:58:57 symfony [info] {sfPartialView} Render "/var/www/html/jobeet/plugins/sfJobeetPlugin/modules/sfJobeetJob/templates/_list.php"
Feb 23 10:58:57 symfony [info] {Doctrine_Connection_Statement} execute : SELECT COUNT(*) AS num_results FROM jobeet_job j WHERE j.category_id = ? AND j.expires_at > ? AND j.is_activated = ? - (74, 2016-02-23 10:58:57, 1)
Feb 23 10:58:57 symfony [info] {sfPHPView} Decorate content with "/var/www/html/jobeet/apps/frontend/templates/layout.php"
Feb 23 10:58:57 symfony [info] {sfPHPView} Render "/var/www/html/jobeet/apps/frontend/templates/layout.php"
Feb 23 10:58:57 symfony [info] {main} Get slot "title"
Feb 23 10:58:57 symfony [info] {sfViewCacheManager} Save cache for "sfJobeetJob/index?_sf_ignore_cache=1"
Feb 23 10:58:57 symfony [info] {sfWebResponse} Send status "HTTP/1.1 200 OK"
Feb 23 10:58:57 symfony [info] {sfWebResponse} Send header "Content-Type: text/html; charset=utf-8"
Feb 23 10:58:57 symfony [info] {sfWebResponse} Send header "Expires: Wed, 24 Feb 2016 08:58:57 GMT"
Feb 23 10:58:57 symfony [info] {sfWebResponse} Send header "Cache-Control: max-age=86400"
Feb 23 10:58:57 symfony [info] {sfWebDebugLogger} Configuration 35.62 ms (12)
Feb 23 10:58:57 symfony [info] {sfWebDebugLogger} Factories 5.01 ms (1)
Feb 23 10:58:57 symfony [info] {sfWebDebugLogger} Action "sfJobeetJob/index" 43.35 ms (1)
Feb 23 10:58:57 symfony [info] {sfWebDebugLogger} Database (Doctrine) 0.04 ms (6)
Feb 23 10:58:57 symfony [info] {sfWebDebugLogger} View "Success" for "sfJobeetJob/index" 84.71 ms (1)
Feb 23 10:58:57 symfony [info] {sfWebDebugLogger} Partial "sfJobeetJob/_list" 12.00 ms (2)
Feb 23 10:58:57 symfony [info] {sfWebResponse} Send content (156452 o)
Feb 23 10:58:59 symfony [info] {sfPatternRouting} Match route "homepage" (/) for / with parameters array (  'module' => 'sfJobeetJob',  'action' => 'index',)
Feb 23 10:58:59 symfony [info] {sfFilterChain} Executing filter "sfRenderingFilter"
Feb 23 10:58:59 symfony [info] {sfFilterChain} Executing filter "sfCacheFilter"
Feb 23 10:58:59 symfony [info] {sfViewCacheManager} Discard cache
Feb 23 10:58:59 symfony [info] {sfFilterChain} Executing filter "sfExecutionFilter"
Feb 23 10:58:59 symfony [info] {sfViewCacheManager} Discard cache
Feb 23 10:58:59 symfony [info] {sfJobeetJobActions} Call "sfJobeetJobActions->executeIndex()"
Feb 23 10:58:59 symfony [info] {Doctrine_Connection_Mysql} exec : SET NAMES 'UTF8' - ()
Feb 23 10:58:59 symfony [info] {Doctrine_Connection_Statement} execute : SELECT j.id AS j__id, j.name AS j__name, j.created_at AS j__created_at, j.updated_at AS j__updated_at, j.slug AS j__slug, j2.id AS j2__id, j2.category_id AS j2__category_id, j2.type AS j2__type, j2.company AS j2__company, j2.logo AS j2__logo, j2.url AS j2__url, j2.position AS j2__position, j2.location AS j2__location, j2.description AS j2__description, j2.how_to_apply AS j2__how_to_apply, j2.token AS j2__token, j2.is_public AS j2__is_public, j2.is_activated AS j2__is_activated, j2.email AS j2__email, j2.expires_at AS j2__expires_at, j2.created_at AS j2__created_at, j2.updated_at AS j2__updated_at FROM jobeet_category j LEFT JOIN jobeet_job j2 ON j.id = j2.category_id WHERE (j2.expires_at > ? AND j2.is_activated = ?) - (2016-02-23 10:58:59, 1)
Feb 23 10:58:59 symfony [info] {sfPHPView} Render "/var/www/html/jobeet/plugins/sfJobeetPlugin/modules/sfJobeetJob/templates/indexSuccess.php"
Feb 23 10:58:59 symfony [info] {Doctrine_Connection_Statement} execute : SELECT j.id AS j__id, j.category_id AS j__category_id, j.type AS j__type, j.company AS j__company, j.logo AS j__logo, j.url AS j__url, j.position AS j__position, j.location AS j__location, j.description AS j__description, j.how_to_apply AS j__how_to_apply, j.token AS j__token, j.is_public AS j__is_public, j.is_activated AS j__is_activated, j.email AS j__email, j.expires_at AS j__expires_at, j.created_at AS j__created_at, j.updated_at AS j__updated_at FROM jobeet_job j WHERE (j.category_id = ? AND j.expires_at > ? AND j.is_activated = ?) ORDER BY j.expires_at DESC LIMIT 10 - (73, 2016-02-23 10:58:59, 1)
Feb 23 10:58:59 symfony [info] {sfPartialView} Render "/var/www/html/jobeet/plugins/sfJobeetPlugin/modules/sfJobeetJob/templates/_list.php"
Feb 23 10:58:59 symfony [info] {Doctrine_Connection_Statement} execute : SELECT COUNT(*) AS num_results FROM jobeet_job j WHERE j.category_id = ? AND j.expires_at > ? AND j.is_activated = ? - (73, 2016-02-23 10:58:59, 1)
Feb 23 10:58:59 symfony [info] {Doctrine_Connection_Statement} execute : SELECT j.id AS j__id, j.category_id AS j__category_id, j.type AS j__type, j.company AS j__company, j.logo AS j__logo, j.url AS j__url, j.position AS j__position, j.location AS j__location, j.description AS j__description, j.how_to_apply AS j__how_to_apply, j.token AS j__token, j.is_public AS j__is_public, j.is_activated AS j__is_activated, j.email AS j__email, j.expires_at AS j__expires_at, j.created_at AS j__created_at, j.updated_at AS j__updated_at FROM jobeet_job j WHERE (j.category_id = ? AND j.expires_at > ? AND j.is_activated = ?) ORDER BY j.expires_at DESC LIMIT 10 - (74, 2016-02-23 10:58:59, 1)
Feb 23 10:58:59 symfony [info] {sfPartialView} Render "/var/www/html/jobeet/plugins/sfJobeetPlugin/modules/sfJobeetJob/templates/_list.php"
Feb 23 10:58:59 symfony [info] {Doctrine_Connection_Statement} execute : SELECT COUNT(*) AS num_results FROM jobeet_job j WHERE j.category_id = ? AND j.expires_at > ? AND j.is_activated = ? - (74, 2016-02-23 10:58:59, 1)
Feb 23 10:58:59 symfony [info] {sfPHPView} Decorate content with "/var/www/html/jobeet/apps/frontend/templates/layout.php"
Feb 23 10:58:59 symfony [info] {sfPHPView} Render "/var/www/html/jobeet/apps/frontend/templates/layout.php"
Feb 23 10:58:59 symfony [info] {main} Get slot "title"
Feb 23 10:58:59 symfony [info] {sfViewCacheManager} Save cache for "sfJobeetJob/index?_sf_ignore_cache=1"
Feb 23 10:58:59 symfony [info] {sfWebResponse} Send status "HTTP/1.1 200 OK"
Feb 23 10:58:59 symfony [info] {sfWebResponse} Send header "Content-Type: text/html; charset=utf-8"
Feb 23 10:58:59 symfony [info] {sfWebResponse} Send header "Expires: Wed, 24 Feb 2016 08:58:59 GMT"
Feb 23 10:58:59 symfony [info] {sfWebResponse} Send header "Cache-Control: max-age=86400"
Feb 23 10:58:59 symfony [info] {sfWebDebugLogger} Configuration 42.36 ms (12)
Feb 23 10:58:59 symfony [info] {sfWebDebugLogger} Factories 5.59 ms (1)
Feb 23 10:58:59 symfony [info] {sfWebDebugLogger} Action "sfJobeetJob/index" 40.17 ms (1)
Feb 23 10:58:59 symfony [info] {sfWebDebugLogger} Database (Doctrine) 0.03 ms (6)
Feb 23 10:58:59 symfony [info] {sfWebDebugLogger} View "Success" for "sfJobeetJob/index" 98.03 ms (1)
Feb 23 10:58:59 symfony [info] {sfWebDebugLogger} Partial "sfJobeetJob/_list" 12.74 ms (2)
Feb 23 10:58:59 symfony [info] {sfWebResponse} Send content (156452 o)
Feb 23 10:59:40 symfony [info] {sfPatternRouting} Match route "homepage" (/) for / with parameters array (  'module' => 'sfJobeetJob',  'action' => 'index',)
Feb 23 10:59:40 symfony [info] {sfFilterChain} Executing filter "sfRenderingFilter"
Feb 23 10:59:40 symfony [info] {sfFilterChain} Executing filter "sfCacheFilter"
Feb 23 10:59:40 symfony [info] {sfFilterChain} Executing filter "sfExecutionFilter"
Feb 23 10:59:40 symfony [info] {sfViewCacheManager} Discard cache
Feb 23 10:59:40 symfony [info] {sfJobeetJobActions} Call "sfJobeetJobActions->executeIndex()"
Feb 23 10:59:40 symfony [info] {Doctrine_Connection_Mysql} exec : SET NAMES 'UTF8' - ()
Feb 23 10:59:40 symfony [info] {Doctrine_Connection_Statement} execute : SELECT j.id AS j__id, j.name AS j__name, j.created_at AS j__created_at, j.updated_at AS j__updated_at, j.slug AS j__slug, j2.id AS j2__id, j2.category_id AS j2__category_id, j2.type AS j2__type, j2.company AS j2__company, j2.logo AS j2__logo, j2.url AS j2__url, j2.position AS j2__position, j2.location AS j2__location, j2.description AS j2__description, j2.how_to_apply AS j2__how_to_apply, j2.token AS j2__token, j2.is_public AS j2__is_public, j2.is_activated AS j2__is_activated, j2.email AS j2__email, j2.expires_at AS j2__expires_at, j2.created_at AS j2__created_at, j2.updated_at AS j2__updated_at FROM jobeet_category j LEFT JOIN jobeet_job j2 ON j.id = j2.category_id WHERE (j2.expires_at > ? AND j2.is_activated = ?) - (2016-02-23 10:59:40, 1)
Feb 23 10:59:40 symfony [info] {sfViewCacheManager} Discard cache
Feb 23 10:59:40 symfony [info] {sfPHPView} Render "/var/www/html/jobeet/plugins/sfJobeetPlugin/modules/sfJobeetJob/templates/indexSuccess.php"
Feb 23 10:59:40 symfony [info] {Doctrine_Connection_Statement} execute : SELECT j.id AS j__id, j.category_id AS j__category_id, j.type AS j__type, j.company AS j__company, j.logo AS j__logo, j.url AS j__url, j.position AS j__position, j.location AS j__location, j.description AS j__description, j.how_to_apply AS j__how_to_apply, j.token AS j__token, j.is_public AS j__is_public, j.is_activated AS j__is_activated, j.email AS j__email, j.expires_at AS j__expires_at, j.created_at AS j__created_at, j.updated_at AS j__updated_at FROM jobeet_job j WHERE (j.category_id = ? AND j.expires_at > ? AND j.is_activated = ?) ORDER BY j.expires_at DESC LIMIT 10 - (73, 2016-02-23 10:59:40, 1)
Feb 23 10:59:40 symfony [info] {sfPartialView} Render "/var/www/html/jobeet/plugins/sfJobeetPlugin/modules/sfJobeetJob/templates/_list.php"
Feb 23 10:59:40 symfony [info] {Doctrine_Connection_Statement} execute : SELECT COUNT(*) AS num_results FROM jobeet_job j WHERE j.category_id = ? AND j.expires_at > ? AND j.is_activated = ? - (73, 2016-02-23 10:59:40, 1)
Feb 23 10:59:40 symfony [info] {Doctrine_Connection_Statement} execute : SELECT j.id AS j__id, j.category_id AS j__category_id, j.type AS j__type, j.company AS j__company, j.logo AS j__logo, j.url AS j__url, j.position AS j__position, j.location AS j__location, j.description AS j__description, j.how_to_apply AS j__how_to_apply, j.token AS j__token, j.is_public AS j__is_public, j.is_activated AS j__is_activated, j.email AS j__email, j.expires_at AS j__expires_at, j.created_at AS j__created_at, j.updated_at AS j__updated_at FROM jobeet_job j WHERE (j.category_id = ? AND j.expires_at > ? AND j.is_activated = ?) ORDER BY j.expires_at DESC LIMIT 10 - (74, 2016-02-23 10:59:40, 1)
Feb 23 10:59:40 symfony [info] {sfPartialView} Render "/var/www/html/jobeet/plugins/sfJobeetPlugin/modules/sfJobeetJob/templates/_list.php"
Feb 23 10:59:40 symfony [info] {Doctrine_Connection_Statement} execute : SELECT COUNT(*) AS num_results FROM jobeet_job j WHERE j.category_id = ? AND j.expires_at > ? AND j.is_activated = ? - (74, 2016-02-23 10:59:40, 1)
Feb 23 10:59:40 symfony [info] {sfViewCacheManager} Save cache for "sfJobeetJob/index?_sf_ignore_cache=1"
Feb 23 10:59:40 symfony [info] {sfPHPView} Decorate content with "/var/www/html/jobeet/apps/frontend/templates/layout.php"
Feb 23 10:59:40 symfony [info] {sfPHPView} Render "/var/www/html/jobeet/apps/frontend/templates/layout.php"
Feb 23 10:59:40 symfony [info] {main} Get slot "title"
Feb 23 10:59:40 symfony [info] {sfWebResponse} Send status "HTTP/1.1 200 OK"
Feb 23 10:59:40 symfony [info] {sfWebResponse} Send header "Content-Type: text/html; charset=utf-8"
Feb 23 10:59:40 symfony [info] {sfWebDebugLogger} Configuration 41.80 ms (12)
Feb 23 10:59:40 symfony [info] {sfWebDebugLogger} Factories 7.40 ms (1)
Feb 23 10:59:40 symfony [info] {sfWebDebugLogger} Action "sfJobeetJob/index" 40.08 ms (1)
Feb 23 10:59:40 symfony [info] {sfWebDebugLogger} Database (Doctrine) 0.03 ms (6)
Feb 23 10:59:40 symfony [info] {sfWebDebugLogger} View "Success" for "sfJobeetJob/index" 96.10 ms (1)
Feb 23 10:59:40 symfony [info] {sfWebDebugLogger} Partial "sfJobeetJob/_list" 13.81 ms (2)
Feb 23 10:59:40 symfony [info] {sfWebResponse} Send content (153875 o)
Feb 23 11:03:24 symfony [info] {sfPatternRouting} Match route "job_new" (/job/new.:sf_format) for /job/new with parameters array (  'module' => 'sfJobeetJob',  'action' => 'new',  'sf_format' => 'html',)
Feb 23 11:03:24 symfony [info] {sfFilterChain} Executing filter "sfRenderingFilter"
Feb 23 11:03:24 symfony [info] {sfFilterChain} Executing filter "sfCacheFilter"
Feb 23 11:03:24 symfony [info] {sfFilterChain} Executing filter "sfExecutionFilter"
Feb 23 11:03:24 symfony [info] {sfJobeetJobActions} Call "sfJobeetJobActions->executeNew()"
Feb 23 11:05:18 symfony [info] {sfPatternRouting} Match route "job_new" (/job/new.:sf_format) for /job/new with parameters array (  'module' => 'sfJobeetJob',  'action' => 'new',  'sf_format' => 'html',)
Feb 23 11:05:18 symfony [info] {sfFilterChain} Executing filter "sfRenderingFilter"
Feb 23 11:05:18 symfony [info] {sfFilterChain} Executing filter "sfCacheFilter"
Feb 23 11:05:18 symfony [info] {sfFilterChain} Executing filter "sfExecutionFilter"
Feb 23 11:05:18 symfony [info] {sfJobeetJobActions} Call "sfJobeetJobActions->executeNew()"
Feb 23 11:05:24 symfony [info] {sfPatternRouting} Match route "job_new" (/job/new.:sf_format) for /job/new with parameters array (  'module' => 'sfJobeetJob',  'action' => 'new',  'sf_format' => 'html',)
Feb 23 11:05:24 symfony [info] {sfFilterChain} Executing filter "sfRenderingFilter"
Feb 23 11:05:24 symfony [info] {sfFilterChain} Executing filter "sfCacheFilter"
Feb 23 11:05:24 symfony [info] {sfFilterChain} Executing filter "sfExecutionFilter"
Feb 23 11:05:24 symfony [info] {sfJobeetJobActions} Call "sfJobeetJobActions->executeNew()"
Feb 23 11:06:43 symfony [info] {sfPatternRouting} Match route "job_new" (/job/new.:sf_format) for /job/new with parameters array (  'module' => 'sfJobeetJob',  'action' => 'new',  'sf_format' => 'html',)
Feb 23 11:06:43 symfony [info] {sfFilterChain} Executing filter "sfRenderingFilter"
Feb 23 11:06:43 symfony [info] {sfFilterChain} Executing filter "sfCacheFilter"
Feb 23 11:06:43 symfony [info] {sfFilterChain} Executing filter "sfExecutionFilter"
Feb 23 11:06:43 symfony [info] {sfJobeetJobActions} Call "sfJobeetJobActions->executeNew()"
Feb 23 11:06:58 symfony [info] {sfPatternRouting} Match route "job_new" (/job/new.:sf_format) for /job/new with parameters array (  'module' => 'sfJobeetJob',  'action' => 'new',  'sf_format' => 'html',)
Feb 23 11:06:58 symfony [info] {sfFilterChain} Executing filter "sfRenderingFilter"
Feb 23 11:06:58 symfony [info] {sfFilterChain} Executing filter "sfCacheFilter"
Feb 23 11:06:58 symfony [info] {sfFilterChain} Executing filter "sfExecutionFilter"
Feb 23 11:06:58 symfony [info] {sfJobeetJobActions} Call "sfJobeetJobActions->executeNew()"
Feb 23 11:07:38 symfony [info] {sfPatternRouting} Match route "job_new" (/job/new.:sf_format) for /job/new with parameters array (  'module' => 'sfJobeetJob',  'action' => 'new',  'sf_format' => 'html',)
Feb 23 11:07:38 symfony [info] {sfFilterChain} Executing filter "sfRenderingFilter"
Feb 23 11:07:38 symfony [info] {sfFilterChain} Executing filter "sfCacheFilter"
Feb 23 11:07:38 symfony [info] {sfFilterChain} Executing filter "sfExecutionFilter"
Feb 23 11:07:38 symfony [info] {sfJobeetJobActions} Call "sfJobeetJobActions->executeNew()"
Feb 23 11:07:38 symfony [err] {sfWebDebugLogger}  Error at /var/www/html/jobeet/lib/vendor/symfony/lib/validator/sfValidatorAnd.class.php on line 84 (Argument 1 passed to sfValidatorAnd::addValidator() must be an instance of sfValidatorBase, null given, called in /var/www/html/jobeet/lib/vendor/symfony/lib/validator/sfValidatorAnd.class.php on line 49 and defined)
Feb 23 11:09:22 symfony [info] {sfPatternRouting} Match route "job_new" (/job/new.:sf_format) for /job/new with parameters array (  'module' => 'sfJobeetJob',  'action' => 'new',  'sf_format' => 'html',)
Feb 23 11:09:22 symfony [info] {sfFilterChain} Executing filter "sfRenderingFilter"
Feb 23 11:09:22 symfony [info] {sfFilterChain} Executing filter "sfCacheFilter"
Feb 23 11:09:22 symfony [info] {sfFilterChain} Executing filter "sfExecutionFilter"
Feb 23 11:09:22 symfony [info] {sfJobeetJobActions} Call "sfJobeetJobActions->executeNew()"
Feb 23 11:09:22 symfony [info] {sfViewCacheManager} Cache for "sfJobeetJob/new?sf_format=html" does not exist
Feb 23 11:09:22 symfony [info] {sfPHPView} Render "/var/www/html/jobeet/plugins/sfJobeetPlugin/modules/sfJobeetJob/templates/newSuccess.php"
Feb 23 11:09:22 symfony [info] {sfPartialView} Render "/var/www/html/jobeet/plugins/sfJobeetPlugin/modules/sfJobeetJob/templates/_form.php"
Feb 23 11:09:22 symfony [info] {Doctrine_Connection_Mysql} exec : SET NAMES 'UTF8' - ()
Feb 23 11:09:22 symfony [info] {Doctrine_Connection_Mysql} query : SELECT j.id AS j__id, j.name AS j__name, j.created_at AS j__created_at, j.updated_at AS j__updated_at, j.slug AS j__slug FROM jobeet_category j - ()
Feb 23 11:09:22 symfony [info] {sfViewCacheManager} Save cache for "sfJobeetJob/new?sf_format=html"
Feb 23 11:09:22 symfony [info] {sfPHPView} Decorate content with "/var/www/html/jobeet/apps/frontend/templates/layout.php"
Feb 23 11:09:22 symfony [info] {sfPHPView} Render "/var/www/html/jobeet/apps/frontend/templates/layout.php"
Feb 23 11:09:22 symfony [info] {main} Get slot "title"
Feb 23 11:09:22 symfony [info] {sfWebResponse} Send status "HTTP/1.1 200 OK"
Feb 23 11:09:22 symfony [info] {sfWebResponse} Send header "Content-Type: text/html; charset=utf-8"
Feb 23 11:09:22 symfony [info] {sfWebDebugLogger} Configuration 79.29 ms (12)
Feb 23 11:09:22 symfony [info] {sfWebDebugLogger} Factories 4.74 ms (1)
Feb 23 11:09:22 symfony [info] {sfWebDebugLogger} Action "sfJobeetJob/new" 10.50 ms (1)
Feb 23 11:09:22 symfony [info] {sfWebDebugLogger} View "Success" for "sfJobeetJob/new" 79.42 ms (1)
Feb 23 11:09:22 symfony [info] {sfWebDebugLogger} Partial "sfJobeetJob/_form" 36.02 ms (1)
Feb 23 11:09:22 symfony [info] {sfWebDebugLogger} Database (Doctrine) 0.01 ms (2)
Feb 23 11:09:22 symfony [info] {sfWebResponse} Send content (125206 o)
Feb 23 11:09:58 symfony [info] {sfPatternRouting} Match route "job_new" (/job/new.:sf_format) for /job/new with parameters array (  'module' => 'sfJobeetJob',  'action' => 'new',  'sf_format' => 'html',)
Feb 23 11:09:58 symfony [info] {sfFilterChain} Executing filter "sfRenderingFilter"
Feb 23 11:09:58 symfony [info] {sfFilterChain} Executing filter "sfCacheFilter"
Feb 23 11:09:58 symfony [info] {sfFilterChain} Executing filter "sfExecutionFilter"
Feb 23 11:09:58 symfony [info] {sfJobeetJobActions} Call "sfJobeetJobActions->executeNew()"
Feb 23 11:09:58 symfony [info] {sfViewCacheManager} Cache for "sfJobeetJob/new?sf_format=html" does not exist
Feb 23 11:09:58 symfony [info] {sfPHPView} Render "/var/www/html/jobeet/plugins/sfJobeetPlugin/modules/sfJobeetJob/templates/newSuccess.php"
Feb 23 11:09:58 symfony [info] {sfPartialView} Render "/var/www/html/jobeet/plugins/sfJobeetPlugin/modules/sfJobeetJob/templates/_form.php"
Feb 23 11:09:58 symfony [info] {Doctrine_Connection_Mysql} exec : SET NAMES 'UTF8' - ()
Feb 23 11:09:58 symfony [info] {Doctrine_Connection_Mysql} query : SELECT j.id AS j__id, j.name AS j__name, j.created_at AS j__created_at, j.updated_at AS j__updated_at, j.slug AS j__slug FROM jobeet_category j - ()
Feb 23 11:09:58 symfony [info] {sfViewCacheManager} Save cache for "sfJobeetJob/new?sf_format=html"
Feb 23 11:09:58 symfony [info] {sfPHPView} Decorate content with "/var/www/html/jobeet/apps/frontend/templates/layout.php"
Feb 23 11:09:58 symfony [info] {sfPHPView} Render "/var/www/html/jobeet/apps/frontend/templates/layout.php"
Feb 23 11:09:58 symfony [info] {main} Get slot "title"
Feb 23 11:09:58 symfony [info] {sfWebResponse} Send status "HTTP/1.1 200 OK"
Feb 23 11:09:58 symfony [info] {sfWebResponse} Send header "Content-Type: text/html; charset=utf-8"
Feb 23 11:09:58 symfony [info] {sfWebDebugLogger} Configuration 171.63 ms (11)
Feb 23 11:09:58 symfony [info] {sfWebDebugLogger} Factories 66.77 ms (1)
Feb 23 11:09:58 symfony [info] {sfWebDebugLogger} Action "sfJobeetJob/new" 14.54 ms (1)
Feb 23 11:09:58 symfony [info] {sfWebDebugLogger} View "Success" for "sfJobeetJob/new" 99.50 ms (1)
Feb 23 11:09:58 symfony [info] {sfWebDebugLogger} Partial "sfJobeetJob/_form" 46.06 ms (1)
Feb 23 11:09:58 symfony [info] {sfWebDebugLogger} Database (Doctrine) 0.01 ms (2)
Feb 23 11:09:58 symfony [info] {sfWebResponse} Send content (125209 o)
Feb 23 11:10:40 symfony [info] {sfPatternRouting} Match route "job_new" (/job/new.:sf_format) for /job/new with parameters array (  'module' => 'sfJobeetJob',  'action' => 'new',  'sf_format' => 'html',)
Feb 23 11:10:40 symfony [info] {sfFilterChain} Executing filter "sfRenderingFilter"
Feb 23 11:10:40 symfony [info] {sfFilterChain} Executing filter "sfCacheFilter"
Feb 23 11:10:40 symfony [info] {sfFilterChain} Executing filter "sfExecutionFilter"
Feb 23 11:10:40 symfony [info] {sfViewCacheManager} Cache for "sfJobeetJob/new?sf_format=html" exists
Feb 23 11:10:40 symfony [info] {sfPHPView} Decorate content with "/var/www/html/jobeet/apps/frontend/templates/layout.php"
Feb 23 11:10:40 symfony [info] {sfPHPView} Render "/var/www/html/jobeet/apps/frontend/templates/layout.php"
Feb 23 11:10:40 symfony [info] {main} Get slot "title"
Feb 23 11:10:40 symfony [info] {sfWebResponse} Send status "HTTP/1.1 200 OK"
Feb 23 11:10:40 symfony [info] {sfWebResponse} Send header "Content-Type: text/html; charset=utf-8"
Feb 23 11:10:40 symfony [info] {sfWebDebugLogger} Configuration 39.73 ms (12)
Feb 23 11:10:40 symfony [info] {sfWebDebugLogger} Factories 7.41 ms (1)
Feb 23 11:10:40 symfony [info] {sfWebDebugLogger} Action "sfJobeetJob/new" 0.32 ms (1)
Feb 23 11:10:40 symfony [info] {sfWebDebugLogger} View "Success" for "sfJobeetJob/new" 42.97 ms (1)
Feb 23 11:10:40 symfony [info] {sfWebResponse} Send content (68723 o)
Feb 23 11:12:55 symfony [info] {sfPatternRouting} Match route "job_new" (/job/new.:sf_format) for /job/new with parameters array (  'module' => 'sfJobeetJob',  'action' => 'new',  'sf_format' => 'html',)
Feb 23 11:12:55 symfony [info] {sfFilterChain} Executing filter "sfRenderingFilter"
Feb 23 11:12:55 symfony [info] {sfFilterChain} Executing filter "sfCacheFilter"
Feb 23 11:12:55 symfony [info] {sfFilterChain} Executing filter "sfExecutionFilter"
Feb 23 11:12:55 symfony [info] {sfViewCacheManager} Cache for "sfJobeetJob/new?sf_format=html" exists
Feb 23 11:12:55 symfony [info] {sfPHPView} Decorate content with "/var/www/html/jobeet/apps/frontend/templates/layout.php"
Feb 23 11:12:55 symfony [info] {sfPHPView} Render "/var/www/html/jobeet/apps/frontend/templates/layout.php"
Feb 23 11:12:56 symfony [info] {main} Get slot "title"
Feb 23 11:12:56 symfony [info] {sfWebResponse} Send status "HTTP/1.1 200 OK"
Feb 23 11:12:56 symfony [info] {sfWebResponse} Send header "Content-Type: text/html; charset=utf-8"
Feb 23 11:12:56 symfony [info] {sfWebDebugLogger} Configuration 37.50 ms (12)
Feb 23 11:12:56 symfony [info] {sfWebDebugLogger} Factories 7.10 ms (1)
Feb 23 11:12:56 symfony [info] {sfWebDebugLogger} Action "sfJobeetJob/new" 0.31 ms (1)
Feb 23 11:12:56 symfony [info] {sfWebDebugLogger} View "Success" for "sfJobeetJob/new" 40.98 ms (1)
Feb 23 11:12:56 symfony [info] {sfWebResponse} Send content (68724 o)
Feb 23 11:13:06 symfony [info] {sfPatternRouting} Match route "job_new" (/job/new.:sf_format) for /job/new with parameters array (  'module' => 'sfJobeetJob',  'action' => 'new',  'sf_format' => 'html',)
Feb 23 11:13:06 symfony [info] {sfFilterChain} Executing filter "sfRenderingFilter"
Feb 23 11:13:06 symfony [info] {sfFilterChain} Executing filter "sfCacheFilter"
Feb 23 11:13:06 symfony [info] {sfFilterChain} Executing filter "sfExecutionFilter"
Feb 23 11:13:06 symfony [info] {sfViewCacheManager} Cache for "sfJobeetJob/new?sf_format=html" exists
Feb 23 11:13:06 symfony [info] {sfPHPView} Decorate content with "/var/www/html/jobeet/apps/frontend/templates/layout.php"
Feb 23 11:13:06 symfony [info] {sfPHPView} Render "/var/www/html/jobeet/apps/frontend/templates/layout.php"
Feb 23 11:13:06 symfony [info] {main} Get slot "title"
Feb 23 11:13:06 symfony [info] {sfWebResponse} Send status "HTTP/1.1 200 OK"
Feb 23 11:13:06 symfony [info] {sfWebResponse} Send header "Content-Type: text/html; charset=utf-8"
Feb 23 11:13:06 symfony [info] {sfWebDebugLogger} Configuration 37.32 ms (12)
Feb 23 11:13:06 symfony [info] {sfWebDebugLogger} Factories 6.42 ms (1)
Feb 23 11:13:06 symfony [info] {sfWebDebugLogger} Action "sfJobeetJob/new" 0.31 ms (1)
Feb 23 11:13:06 symfony [info] {sfWebDebugLogger} View "Success" for "sfJobeetJob/new" 40.26 ms (1)
Feb 23 11:13:06 symfony [info] {sfWebResponse} Send content (68215 o)
Feb 23 11:13:23 symfony [info] {sfPatternRouting} Match route "job_new" (/job/new.:sf_format) for /job/new with parameters array (  'module' => 'sfJobeetJob',  'action' => 'new',  'sf_format' => 'html',)
Feb 23 11:13:23 symfony [info] {sfFilterChain} Executing filter "sfRenderingFilter"
Feb 23 11:13:23 symfony [info] {sfFilterChain} Executing filter "sfCacheFilter"
Feb 23 11:13:23 symfony [info] {sfFilterChain} Executing filter "sfExecutionFilter"
Feb 23 11:13:23 symfony [info] {sfViewCacheManager} Cache for "sfJobeetJob/new?sf_format=html" exists
Feb 23 11:13:23 symfony [info] {sfPHPView} Decorate content with "/var/www/html/jobeet/apps/frontend/templates/layout.php"
Feb 23 11:13:23 symfony [info] {sfPHPView} Render "/var/www/html/jobeet/apps/frontend/templates/layout.php"
Feb 23 11:13:23 symfony [info] {main} Get slot "title"
Feb 23 11:13:23 symfony [info] {sfWebResponse} Send status "HTTP/1.1 200 OK"
Feb 23 11:13:23 symfony [info] {sfWebResponse} Send header "Content-Type: text/html; charset=utf-8"
Feb 23 11:13:23 symfony [info] {sfWebDebugLogger} Configuration 43.04 ms (12)
Feb 23 11:13:23 symfony [info] {sfWebDebugLogger} Factories 6.16 ms (1)
Feb 23 11:13:23 symfony [info] {sfWebDebugLogger} Action "sfJobeetJob/new" 0.31 ms (1)
Feb 23 11:13:23 symfony [info] {sfWebDebugLogger} View "Success" for "sfJobeetJob/new" 46.36 ms (1)
Feb 23 11:13:23 symfony [info] {sfWebResponse} Send content (68498 o)
Feb 23 11:13:59 symfony [info] {sfPatternRouting} Match route "job_new" (/job/new.:sf_format) for /job/new with parameters array (  'module' => 'sfJobeetJob',  'action' => 'new',  'sf_format' => 'html',)
Feb 23 11:13:59 symfony [info] {sfFilterChain} Executing filter "sfRenderingFilter"
Feb 23 11:13:59 symfony [info] {sfFilterChain} Executing filter "sfCacheFilter"
Feb 23 11:13:59 symfony [info] {sfFilterChain} Executing filter "sfExecutionFilter"
Feb 23 11:13:59 symfony [info] {sfViewCacheManager} Cache for "sfJobeetJob/new?sf_format=html" exists
Feb 23 11:13:59 symfony [info] {sfPHPView} Decorate content with "/var/www/html/jobeet/apps/frontend/templates/layout.php"
Feb 23 11:13:59 symfony [info] {sfPHPView} Render "/var/www/html/jobeet/apps/frontend/templates/layout.php"
Feb 23 11:13:59 symfony [info] {main} Get slot "title"
Feb 23 11:13:59 symfony [info] {sfWebResponse} Send status "HTTP/1.1 200 OK"
Feb 23 11:13:59 symfony [info] {sfWebResponse} Send header "Content-Type: text/html; charset=utf-8"
Feb 23 11:13:59 symfony [info] {sfWebDebugLogger} Configuration 38.02 ms (12)
Feb 23 11:13:59 symfony [info] {sfWebDebugLogger} Factories 5.19 ms (1)
Feb 23 11:13:59 symfony [info] {sfWebDebugLogger} Action "sfJobeetJob/new" 0.31 ms (1)
Feb 23 11:13:59 symfony [info] {sfWebDebugLogger} View "Success" for "sfJobeetJob/new" 41.50 ms (1)
Feb 23 11:13:59 symfony [info] {sfWebResponse} Send content (68498 o)
Feb 23 11:14:11 symfony [info] {sfPatternRouting} Match route "job_new" (/job/new.:sf_format) for /job/new with parameters array (  'module' => 'sfJobeetJob',  'action' => 'new',  'sf_format' => 'html',)
Feb 23 11:14:11 symfony [info] {sfFilterChain} Executing filter "sfRenderingFilter"
Feb 23 11:14:11 symfony [info] {sfFilterChain} Executing filter "sfCacheFilter"
Feb 23 11:14:11 symfony [info] {sfFilterChain} Executing filter "sfExecutionFilter"
Feb 23 11:14:11 symfony [info] {sfViewCacheManager} Cache for "sfJobeetJob/new?sf_format=html" exists
Feb 23 11:14:11 symfony [info] {sfPHPView} Decorate content with "/var/www/html/jobeet/apps/frontend/templates/layout.php"
Feb 23 11:14:11 symfony [info] {sfPHPView} Render "/var/www/html/jobeet/apps/frontend/templates/layout.php"
Feb 23 11:14:11 symfony [info] {main} Get slot "title"
Feb 23 11:14:11 symfony [info] {sfWebResponse} Send status "HTTP/1.1 200 OK"
Feb 23 11:14:11 symfony [info] {sfWebResponse} Send header "Content-Type: text/html; charset=utf-8"
Feb 23 11:14:11 symfony [info] {sfWebDebugLogger} Configuration 38.03 ms (12)
Feb 23 11:14:11 symfony [info] {sfWebDebugLogger} Factories 6.18 ms (1)
Feb 23 11:14:11 symfony [info] {sfWebDebugLogger} Action "sfJobeetJob/new" 0.32 ms (1)
Feb 23 11:14:11 symfony [info] {sfWebDebugLogger} View "Success" for "sfJobeetJob/new" 41.09 ms (1)
Feb 23 11:14:11 symfony [info] {sfWebResponse} Send content (68215 o)
Feb 23 11:14:22 symfony [info] {sfPatternRouting} Match route "job_new" (/job/new.:sf_format) for /job/new with parameters array (  'module' => 'sfJobeetJob',  'action' => 'new',  'sf_format' => 'html',)
Feb 23 11:14:22 symfony [info] {sfFilterChain} Executing filter "sfRenderingFilter"
Feb 23 11:14:22 symfony [info] {sfFilterChain} Executing filter "sfCacheFilter"
Feb 23 11:14:22 symfony [info] {sfFilterChain} Executing filter "sfExecutionFilter"
Feb 23 11:14:22 symfony [info] {sfViewCacheManager} Cache for "sfJobeetJob/new?sf_format=html" exists
Feb 23 11:14:22 symfony [info] {sfPHPView} Decorate content with "/var/www/html/jobeet/apps/frontend/templates/layout.php"
Feb 23 11:14:22 symfony [info] {sfPHPView} Render "/var/www/html/jobeet/apps/frontend/templates/layout.php"
Feb 23 11:14:22 symfony [info] {main} Get slot "title"
Feb 23 11:14:22 symfony [info] {sfWebResponse} Send status "HTTP/1.1 200 OK"
Feb 23 11:14:22 symfony [info] {sfWebResponse} Send header "Content-Type: text/html; charset=utf-8"
Feb 23 11:14:22 symfony [info] {sfWebDebugLogger} Configuration 38.60 ms (12)
Feb 23 11:14:22 symfony [info] {sfWebDebugLogger} Factories 6.23 ms (1)
Feb 23 11:14:22 symfony [info] {sfWebDebugLogger} Action "sfJobeetJob/new" 0.31 ms (1)
Feb 23 11:14:22 symfony [info] {sfWebDebugLogger} View "Success" for "sfJobeetJob/new" 41.94 ms (1)
Feb 23 11:14:22 symfony [info] {sfWebResponse} Send content (68116 o)
Feb 23 11:14:32 symfony [info] {sfPatternRouting} Match route "job_new" (/job/new.:sf_format) for /job/new with parameters array (  'module' => 'sfJobeetJob',  'action' => 'new',  'sf_format' => 'html',)
Feb 23 11:14:32 symfony [info] {sfFilterChain} Executing filter "sfRenderingFilter"
Feb 23 11:14:32 symfony [info] {sfFilterChain} Executing filter "sfCacheFilter"
Feb 23 11:14:32 symfony [info] {sfFilterChain} Executing filter "sfExecutionFilter"
Feb 23 11:14:32 symfony [info] {sfViewCacheManager} Cache for "sfJobeetJob/new?sf_format=html" exists
Feb 23 11:14:32 symfony [info] {sfPHPView} Decorate content with "/var/www/html/jobeet/apps/frontend/templates/layout.php"
Feb 23 11:14:32 symfony [info] {sfPHPView} Render "/var/www/html/jobeet/apps/frontend/templates/layout.php"
Feb 23 11:14:32 symfony [info] {main} Get slot "title"
Feb 23 11:14:32 symfony [info] {sfWebResponse} Send status "HTTP/1.1 200 OK"
Feb 23 11:14:32 symfony [info] {sfWebResponse} Send header "Content-Type: text/html; charset=utf-8"
Feb 23 11:14:32 symfony [info] {sfWebDebugLogger} Configuration 37.61 ms (12)
Feb 23 11:14:32 symfony [info] {sfWebDebugLogger} Factories 5.76 ms (1)
Feb 23 11:14:32 symfony [info] {sfWebDebugLogger} Action "sfJobeetJob/new" 0.31 ms (1)
Feb 23 11:14:32 symfony [info] {sfWebDebugLogger} View "Success" for "sfJobeetJob/new" 40.80 ms (1)
Feb 23 11:14:32 symfony [info] {sfWebResponse} Send content (68395 o)
Feb 23 11:14:35 symfony [info] {sfPatternRouting} Match route "job_new" (/job/new.:sf_format) for /job/new with parameters array (  'module' => 'sfJobeetJob',  'action' => 'new',  'sf_format' => 'html',)
Feb 23 11:14:35 symfony [info] {sfFilterChain} Executing filter "sfRenderingFilter"
Feb 23 11:14:35 symfony [info] {sfFilterChain} Executing filter "sfCacheFilter"
Feb 23 11:14:35 symfony [info] {sfFilterChain} Executing filter "sfExecutionFilter"
Feb 23 11:14:35 symfony [info] {sfJobeetJobActions} Call "sfJobeetJobActions->executeNew()"
Feb 23 11:14:35 symfony [info] {sfViewCacheManager} Cache for "sfJobeetJob/new?sf_format=html" does not exist
Feb 23 11:14:35 symfony [info] {sfPHPView} Render "/var/www/html/jobeet/plugins/sfJobeetPlugin/modules/sfJobeetJob/templates/newSuccess.php"
Feb 23 11:14:35 symfony [info] {sfPartialView} Render "/var/www/html/jobeet/plugins/sfJobeetPlugin/modules/sfJobeetJob/templates/_form.php"
Feb 23 11:14:35 symfony [info] {Doctrine_Connection_Mysql} exec : SET NAMES 'UTF8' - ()
Feb 23 11:14:35 symfony [info] {Doctrine_Connection_Mysql} query : SELECT j.id AS j__id, j.name AS j__name, j.created_at AS j__created_at, j.updated_at AS j__updated_at, j.slug AS j__slug FROM jobeet_category j - ()
Feb 23 11:14:35 symfony [info] {sfViewCacheManager} Save cache for "sfJobeetJob/new?sf_format=html"
Feb 23 11:14:35 symfony [info] {sfPHPView} Decorate content with "/var/www/html/jobeet/apps/frontend/templates/layout.php"
Feb 23 11:14:35 symfony [info] {sfPHPView} Render "/var/www/html/jobeet/apps/frontend/templates/layout.php"
Feb 23 11:14:35 symfony [info] {main} Get slot "title"
Feb 23 11:14:35 symfony [info] {sfWebResponse} Send status "HTTP/1.1 200 OK"
Feb 23 11:14:35 symfony [info] {sfWebResponse} Send header "Content-Type: text/html; charset=utf-8"
Feb 23 11:14:35 symfony [info] {sfWebDebugLogger} Configuration 162.66 ms (11)
Feb 23 11:14:35 symfony [info] {sfWebDebugLogger} Factories 68.55 ms (1)
Feb 23 11:14:35 symfony [info] {sfWebDebugLogger} Action "sfJobeetJob/new" 10.76 ms (1)
Feb 23 11:14:35 symfony [info] {sfWebDebugLogger} View "Success" for "sfJobeetJob/new" 91.21 ms (1)
Feb 23 11:14:35 symfony [info] {sfWebDebugLogger} Partial "sfJobeetJob/_form" 38.46 ms (1)
Feb 23 11:14:35 symfony [info] {sfWebDebugLogger} Database (Doctrine) 0.01 ms (2)
Feb 23 11:14:35 symfony [info] {sfWebResponse} Send content (124881 o)
Feb 23 11:14:49 symfony [info] {sfPatternRouting} Match route "job_new" (/job/new.:sf_format) for /job/new with parameters array (  'module' => 'sfJobeetJob',  'action' => 'new',  'sf_format' => 'html',)
Feb 23 11:14:49 symfony [info] {sfFilterChain} Executing filter "sfRenderingFilter"
Feb 23 11:14:49 symfony [info] {sfFilterChain} Executing filter "sfCacheFilter"
Feb 23 11:14:49 symfony [info] {sfFilterChain} Executing filter "sfExecutionFilter"
Feb 23 11:14:49 symfony [info] {sfViewCacheManager} Cache for "sfJobeetJob/new?sf_format=html" exists
Feb 23 11:14:49 symfony [info] {sfPHPView} Decorate content with "/var/www/html/jobeet/apps/frontend/templates/layout.php"
Feb 23 11:14:49 symfony [info] {sfPHPView} Render "/var/www/html/jobeet/apps/frontend/templates/layout.php"
Feb 23 11:14:50 symfony [info] {main} Get slot "title"
Feb 23 11:14:50 symfony [info] {sfWebResponse} Send status "HTTP/1.1 200 OK"
Feb 23 11:14:50 symfony [info] {sfWebResponse} Send header "Content-Type: text/html; charset=utf-8"
Feb 23 11:14:50 symfony [info] {sfWebDebugLogger} Configuration 39.28 ms (12)
Feb 23 11:14:50 symfony [info] {sfWebDebugLogger} Factories 7.18 ms (1)
Feb 23 11:14:50 symfony [info] {sfWebDebugLogger} Action "sfJobeetJob/new" 0.36 ms (1)
Feb 23 11:14:50 symfony [info] {sfWebDebugLogger} View "Success" for "sfJobeetJob/new" 42.20 ms (1)
Feb 23 11:14:50 symfony [info] {sfWebResponse} Send content (68395 o)
Feb 23 11:14:53 symfony [info] {sfPatternRouting} Match route "job_new" (/job/new.:sf_format) for /job/new with parameters array (  'module' => 'sfJobeetJob',  'action' => 'new',  'sf_format' => 'html',)
Feb 23 11:14:53 symfony [info] {sfFilterChain} Executing filter "sfRenderingFilter"
Feb 23 11:14:53 symfony [info] {sfFilterChain} Executing filter "sfCacheFilter"
Feb 23 11:14:53 symfony [info] {sfFilterChain} Executing filter "sfExecutionFilter"
Feb 23 11:14:53 symfony [info] {sfJobeetJobActions} Call "sfJobeetJobActions->executeNew()"
Feb 23 11:14:53 symfony [info] {sfViewCacheManager} Cache for "sfJobeetJob/new?sf_format=html" does not exist
Feb 23 11:14:53 symfony [info] {sfPHPView} Render "/var/www/html/jobeet/plugins/sfJobeetPlugin/modules/sfJobeetJob/templates/newSuccess.php"
Feb 23 11:14:53 symfony [info] {sfPartialView} Render "/var/www/html/jobeet/plugins/sfJobeetPlugin/modules/sfJobeetJob/templates/_form.php"
Feb 23 11:14:53 symfony [info] {Doctrine_Connection_Mysql} exec : SET NAMES 'UTF8' - ()
Feb 23 11:14:53 symfony [info] {Doctrine_Connection_Mysql} query : SELECT j.id AS j__id, j.name AS j__name, j.created_at AS j__created_at, j.updated_at AS j__updated_at, j.slug AS j__slug FROM jobeet_category j - ()
Feb 23 11:14:53 symfony [info] {sfViewCacheManager} Save cache for "sfJobeetJob/new?sf_format=html"
Feb 23 11:14:53 symfony [info] {sfPHPView} Decorate content with "/var/www/html/jobeet/apps/frontend/templates/layout.php"
Feb 23 11:14:53 symfony [info] {sfPHPView} Render "/var/www/html/jobeet/apps/frontend/templates/layout.php"
Feb 23 11:14:53 symfony [info] {main} Get slot "title"
Feb 23 11:14:53 symfony [info] {sfWebResponse} Send status "HTTP/1.1 200 OK"
Feb 23 11:14:53 symfony [info] {sfWebResponse} Send header "Content-Type: text/html; charset=utf-8"
Feb 23 11:14:53 symfony [info] {sfWebDebugLogger} Configuration 175.82 ms (11)
Feb 23 11:14:53 symfony [info] {sfWebDebugLogger} Factories 69.77 ms (1)
Feb 23 11:14:53 symfony [info] {sfWebDebugLogger} Action "sfJobeetJob/new" 11.15 ms (1)
Feb 23 11:14:53 symfony [info] {sfWebDebugLogger} View "Success" for "sfJobeetJob/new" 102.94 ms (1)
Feb 23 11:14:53 symfony [info] {sfWebDebugLogger} Partial "sfJobeetJob/_form" 53.04 ms (1)
Feb 23 11:14:53 symfony [info] {sfWebDebugLogger} Database (Doctrine) 0.01 ms (2)
Feb 23 11:14:53 symfony [info] {sfWebResponse} Send content (124882 o)
Feb 23 11:14:55 symfony [info] {sfPatternRouting} Match route "job_new" (/job/new.:sf_format) for /job/new with parameters array (  'module' => 'sfJobeetJob',  'action' => 'new',  'sf_format' => 'html',)
Feb 23 11:14:55 symfony [info] {sfFilterChain} Executing filter "sfRenderingFilter"
Feb 23 11:14:55 symfony [info] {sfFilterChain} Executing filter "sfCacheFilter"
Feb 23 11:14:55 symfony [info] {sfFilterChain} Executing filter "sfExecutionFilter"
Feb 23 11:14:55 symfony [info] {sfViewCacheManager} Cache for "sfJobeetJob/new?sf_format=html" exists
Feb 23 11:14:55 symfony [info] {sfPHPView} Decorate content with "/var/www/html/jobeet/apps/frontend/templates/layout.php"
Feb 23 11:14:55 symfony [info] {sfPHPView} Render "/var/www/html/jobeet/apps/frontend/templates/layout.php"
Feb 23 11:14:55 symfony [info] {main} Get slot "title"
Feb 23 11:14:55 symfony [info] {sfWebResponse} Send status "HTTP/1.1 200 OK"
Feb 23 11:14:55 symfony [info] {sfWebResponse} Send header "Content-Type: text/html; charset=utf-8"
Feb 23 11:14:55 symfony [info] {sfWebDebugLogger} Configuration 38.57 ms (12)
Feb 23 11:14:55 symfony [info] {sfWebDebugLogger} Factories 6.75 ms (1)
Feb 23 11:14:55 symfony [info] {sfWebDebugLogger} Action "sfJobeetJob/new" 0.30 ms (1)
Feb 23 11:14:55 symfony [info] {sfWebDebugLogger} View "Success" for "sfJobeetJob/new" 42.14 ms (1)
Feb 23 11:14:55 symfony [info] {sfWebResponse} Send content (68394 o)
Feb 23 11:14:56 symfony [info] {sfPatternRouting} Match route "job_new" (/job/new.:sf_format) for /job/new with parameters array (  'module' => 'sfJobeetJob',  'action' => 'new',  'sf_format' => 'html',)
Feb 23 11:14:56 symfony [info] {sfFilterChain} Executing filter "sfRenderingFilter"
Feb 23 11:14:56 symfony [info] {sfFilterChain} Executing filter "sfCacheFilter"
Feb 23 11:14:56 symfony [info] {sfFilterChain} Executing filter "sfExecutionFilter"
Feb 23 11:14:56 symfony [info] {sfViewCacheManager} Cache for "sfJobeetJob/new?sf_format=html" exists
Feb 23 11:14:56 symfony [info] {sfPHPView} Decorate content with "/var/www/html/jobeet/apps/frontend/templates/layout.php"
Feb 23 11:14:56 symfony [info] {sfPHPView} Render "/var/www/html/jobeet/apps/frontend/templates/layout.php"
Feb 23 11:14:56 symfony [info] {main} Get slot "title"
Feb 23 11:14:56 symfony [info] {sfWebResponse} Send status "HTTP/1.1 200 OK"
Feb 23 11:14:56 symfony [info] {sfWebResponse} Send header "Content-Type: text/html; charset=utf-8"
Feb 23 11:14:56 symfony [info] {sfWebDebugLogger} Configuration 38.33 ms (12)
Feb 23 11:14:56 symfony [info] {sfWebDebugLogger} Factories 6.22 ms (1)
Feb 23 11:14:56 symfony [info] {sfWebDebugLogger} Action "sfJobeetJob/new" 0.40 ms (1)
Feb 23 11:14:56 symfony [info] {sfWebDebugLogger} View "Success" for "sfJobeetJob/new" 41.75 ms (1)
Feb 23 11:14:56 symfony [info] {sfWebResponse} Send content (68394 o)
Feb 23 11:15:01 symfony [info] {sfPatternRouting} Match route "job_new" (/job/new.:sf_format) for /job/new with parameters array (  'module' => 'sfJobeetJob',  'action' => 'new',  'sf_format' => 'html',)
Feb 23 11:15:01 symfony [info] {sfFilterChain} Executing filter "sfRenderingFilter"
Feb 23 11:15:01 symfony [info] {sfFilterChain} Executing filter "sfCacheFilter"
Feb 23 11:15:01 symfony [info] {sfFilterChain} Executing filter "sfExecutionFilter"
Feb 23 11:15:01 symfony [info] {sfViewCacheManager} Cache for "sfJobeetJob/new?sf_format=html" exists
Feb 23 11:15:01 symfony [info] {sfPHPView} Decorate content with "/var/www/html/jobeet/apps/frontend/templates/layout.php"
Feb 23 11:15:01 symfony [info] {sfPHPView} Render "/var/www/html/jobeet/apps/frontend/templates/layout.php"
Feb 23 11:15:01 symfony [info] {main} Get slot "title"
Feb 23 11:15:01 symfony [info] {sfWebResponse} Send status "HTTP/1.1 200 OK"
Feb 23 11:15:01 symfony [info] {sfWebResponse} Send header "Content-Type: text/html; charset=utf-8"
Feb 23 11:15:01 symfony [info] {sfWebDebugLogger} Configuration 37.97 ms (12)
Feb 23 11:15:01 symfony [info] {sfWebDebugLogger} Factories 5.87 ms (1)
Feb 23 11:15:01 symfony [info] {sfWebDebugLogger} Action "sfJobeetJob/new" 0.31 ms (1)
Feb 23 11:15:01 symfony [info] {sfWebDebugLogger} View "Success" for "sfJobeetJob/new" 41.74 ms (1)
Feb 23 11:15:01 symfony [info] {sfWebResponse} Send content (68394 o)
Feb 23 11:16:37 symfony [info] {sfPatternRouting} Match route "job_show_user" (/job/:company_slug/:location_slug/:id/:position_slug) for /job/sensio-labs/paris-france/76/web-developer with parameters array (  'module' => 'sfJobeetJob',  'action' => 'show',  'company_slug' => 'sensio-labs',  'location_slug' => 'paris-france',  'id' => '76',  'position_slug' => 'web-developer',)
Feb 23 11:16:37 symfony [info] {sfFilterChain} Executing filter "sfRenderingFilter"
Feb 23 11:16:37 symfony [info] {sfFilterChain} Executing filter "sfCacheFilter"
Feb 23 11:16:37 symfony [info] {sfFilterChain} Executing filter "sfExecutionFilter"
Feb 23 11:16:37 symfony [info] {sfJobeetJobActions} Call "sfJobeetJobActions->executeShow()"
Feb 23 11:16:37 symfony [info] {Doctrine_Connection_Mysql} exec : SET NAMES 'UTF8' - ()
Feb 23 11:16:37 symfony [info] {Doctrine_Connection_Statement} execute : SELECT j.id AS j__id, j.category_id AS j__category_id, j.type AS j__type, j.company AS j__company, j.logo AS j__logo, j.url AS j__url, j.position AS j__position, j.location AS j__location, j.description AS j__description, j.how_to_apply AS j__how_to_apply, j.token AS j__token, j.is_public AS j__is_public, j.is_activated AS j__is_activated, j.email AS j__email, j.expires_at AS j__expires_at, j.created_at AS j__created_at, j.updated_at AS j__updated_at FROM jobeet_job j WHERE (j.id = ? AND j.expires_at > ? AND j.is_activated = ?) ORDER BY j.expires_at DESC - (76, 2016-02-23 11:16:37, 1)
Feb 23 11:16:37 symfony [info] {sfPHPView} Render "/var/www/html/jobeet/plugins/sfJobeetPlugin/modules/sfJobeetJob/templates/showSuccess.php"
Feb 23 11:16:37 symfony [info] {main} Set slot "title"
Feb 23 11:16:37 symfony [info] {sfPHPView} Decorate content with "/var/www/html/jobeet/apps/frontend/templates/layout.php"
Feb 23 11:16:37 symfony [info] {sfPHPView} Render "/var/www/html/jobeet/apps/frontend/templates/layout.php"
Feb 23 11:16:37 symfony [info] {main} Get slot "title"
Feb 23 11:16:37 symfony [info] {sfWebResponse} Send status "HTTP/1.1 200 OK"
Feb 23 11:16:37 symfony [info] {sfWebResponse} Send header "Content-Type: text/html; charset=utf-8"
Feb 23 11:16:37 symfony [info] {sfWebDebugLogger} Configuration 39.99 ms (12)
Feb 23 11:16:37 symfony [info] {sfWebDebugLogger} Factories 4.92 ms (1)
Feb 23 11:16:37 symfony [info] {sfWebDebugLogger} Action "sfJobeetJob/show" 14.53 ms (1)
Feb 23 11:16:37 symfony [info] {sfWebDebugLogger} Database (Doctrine) 0.02 ms (2)
Feb 23 11:16:37 symfony [info] {sfWebDebugLogger} View "Success" for "sfJobeetJob/show" 45.49 ms (1)
Feb 23 11:16:38 symfony [info] {sfWebResponse} Send content (86045 o)
